[        1.46] start /etc/init.d/S01allstopped
[        1.47] start /etc/init.d/S01date
[        1.49] start /etc/init.d/S01logging
[        1.51] start /etc/init.d/S01mountboot
[        1.58] start /etc/init.d/S01populate
[        1.62] start /etc/init.d/S02hardware
[        1.85] start /etc/init.d/S03splash
[        1.88] start /etc/init.d/S05udev
[        2.97] start /etc/init.d/S06dbus
[        3.13] start /etc/init.d/S07network
[        3.20] start /etc/init.d/S09wifi
[        3.36] start /etc/init.d/S10dhcpcd
[        3.60] start /etc/init.d/S11share
[        4.07] start /etc/init.d/S11upgrade
[        4.10] start /etc/init.d/S12populateshare
[       88.57] start /etc/init.d/S13fbcp
[       88.62] start /etc/init.d/S13hardware
[       88.71] start /etc/init.d/S14migrate
[       89.12] start /etc/init.d/S16modprobe
[       89.52] start /etc/init.d/S20urandom
[       89.55] start /etc/init.d/S24lircdmod
[       89.57] start /etc/init.d/S25hyperion
[       89.62] start /etc/init.d/S25lircd
[       89.65] start /etc/init.d/S26recalboxsystem
[       90.18] start /etc/init.d/S31emulationstation
[       90.24] start /etc/init.d/S31sixad
[       90.28] start /etc/init.d/S32bluetooth
[       90.34] start /etc/init.d/S35securepasswd
[       92.24] start /etc/init.d/S49ntp
[       92.34] start /etc/init.d/S50avahi-daemon
[       92.41] start /etc/init.d/S50dropbear
[       92.45] start /etc/init.d/S91smb
[       93.33] start /etc/init.d/S92steamcontroller
[       93.40] start /etc/init.d/S92switch
[       93.55] start /etc/init.d/S92virtualgamepads
[       93.69] start /etc/init.d/S94manager
[       93.81] start /etc/init.d/S98cleanup
[       93.84] start /etc/init.d/S99custom
[        1.44] start /etc/init.d/S01allstopped
[        1.45] start /etc/init.d/S01date
[        1.47] start /etc/init.d/S01logging
[        1.49] start /etc/init.d/S01mountboot
[        1.56] start /etc/init.d/S01populate
[        1.59] start /etc/init.d/S02hardware
[        1.83] start /etc/init.d/S03splash
[        1.86] start /etc/init.d/S05udev
[        2.94] start /etc/init.d/S06dbus
[        3.09] start /etc/init.d/S07network
[        3.15] start /etc/init.d/S09wifi
[        3.27] start /etc/init.d/S10dhcpcd
[        3.47] start /etc/init.d/S11share
[       12.55] start /etc/init.d/S11upgrade
[       12.57] start /etc/init.d/S12populateshare
[       13.37] start /etc/init.d/S13fbcp
[       13.41] start /etc/init.d/S13hardware
[       13.49] start /etc/init.d/S14migrate
[       13.78] start /etc/init.d/S16modprobe
[       13.95] start /etc/init.d/S20urandom
[       13.98] start /etc/init.d/S24lircdmod
[       14.00] start /etc/init.d/S25hyperion
[       14.02] start /etc/init.d/S25lircd
[       14.05] start /etc/init.d/S26recalboxsystem
[       14.39] start /etc/init.d/S31emulationstation
[       14.44] start /etc/init.d/S31sixad
[       14.48] start /etc/init.d/S32bluetooth
[       14.54] start /etc/init.d/S35securepasswd
[       16.20] start /etc/init.d/S49ntp
[       16.28] start /etc/init.d/S50avahi-daemon
[       16.34] start /etc/init.d/S50dropbear
[       16.40] start /etc/init.d/S91smb
[       17.27] start /etc/init.d/S92steamcontroller
[       17.32] start /etc/init.d/S92switch
[       17.48] start /etc/init.d/S92virtualgamepads
[       17.61] start /etc/init.d/S94manager
[       17.72] start /etc/init.d/S98cleanup
[       17.76] start /etc/init.d/S99custom
[        1.50] start /etc/init.d/S01allstopped
[        1.51] start /etc/init.d/S01date
[        1.52] start /etc/init.d/S01logging
[        1.55] start /etc/init.d/S01mountboot
[        1.61] start /etc/init.d/S01populate
[        1.65] start /etc/init.d/S02hardware
[        1.89] start /etc/init.d/S03splash
[        1.92] start /etc/init.d/S05udev
[        3.00] start /etc/init.d/S06dbus
[        3.15] start /etc/init.d/S07network
[        3.22] start /etc/init.d/S09wifi
[        3.38] start /etc/init.d/S10dhcpcd
[        3.60] start /etc/init.d/S11share
[       11.10] start /etc/init.d/S11upgrade
[       11.12] start /etc/init.d/S12populateshare
[       12.00] start /etc/init.d/S13fbcp
[       12.04] start /etc/init.d/S13hardware
[       12.12] start /etc/init.d/S14migrate
[       12.42] start /etc/init.d/S16modprobe
[       12.59] start /etc/init.d/S20urandom
[       12.62] start /etc/init.d/S24lircdmod
[       12.64] start /etc/init.d/S25hyperion
[       12.66] start /etc/init.d/S25lircd
[       12.69] start /etc/init.d/S26recalboxsystem
[       13.06] start /etc/init.d/S31emulationstation
[       13.12] start /etc/init.d/S31sixad
[       13.17] start /etc/init.d/S32bluetooth
[       13.23] start /etc/init.d/S35securepasswd
[       14.87] start /etc/init.d/S49ntp
[       14.95] start /etc/init.d/S50avahi-daemon
[       15.02] start /etc/init.d/S50dropbear
[       15.08] start /etc/init.d/S91smb
[       15.81] start /etc/init.d/S92steamcontroller
[       15.84] start /etc/init.d/S92switch
[       15.91] start /etc/init.d/S92virtualgamepads
[       15.98] start /etc/init.d/S94manager
[       16.07] start /etc/init.d/S98cleanup
[       16.08] start /etc/init.d/S99custom
[       88.15] stop /etc/init.d/S99custom
[       88.16] stop /etc/init.d/S98cleanup
[       88.18] stop /etc/init.d/S94manager
[       88.26] stop /etc/init.d/S92virtualgamepads
[       88.32] stop /etc/init.d/S92switch
[       88.39] stop /etc/init.d/S92steamcontroller
[       88.41] stop /etc/init.d/S91smb
[       88.51] stop /etc/init.d/S50dropbear
[       88.55] stop /etc/init.d/S50avahi-daemon
[       88.68] stop /etc/init.d/S49ntp
[       88.71] stop /etc/init.d/S35securepasswd
[       88.73] stop /etc/init.d/S32bluetooth
[       88.78] stop /etc/init.d/S31sixad
[       88.83] stop /etc/init.d/S31emulationstation
[       88.90] stop /etc/init.d/S26recalboxsystem
[       88.92] stop /etc/init.d/S25lircd
[       88.95] stop /etc/init.d/S25hyperion
[       88.98] stop /etc/init.d/S24lircdmod
[       89.00] stop /etc/init.d/S20urandom
[       89.02] stop /etc/init.d/S16modprobe
[       89.03] stop /etc/init.d/S14migrate
[       89.05] stop /etc/init.d/S13hardware
[       89.06] stop /etc/init.d/S13fbcp
[       89.10] stop /etc/init.d/S12populateshare
[       89.11] stop /etc/init.d/S11upgrade
[       89.13] stop /etc/init.d/S11share
[       89.25] stop /etc/init.d/S10dhcpcd
[       89.26] stop /etc/init.d/S09wifi
[       89.83] stop /etc/init.d/S07network
[       89.88] stop /etc/init.d/S06dbus
[       89.90] stop /etc/init.d/S05udev
[       89.93] stop /etc/init.d/S03splash
[       89.94] stop /etc/init.d/S02hardware
[       89.95] stop /etc/init.d/S01populate
[       89.96] stop /etc/init.d/S01mountboot
[       90.02] stop /etc/init.d/S01logging
[       90.04] stop /etc/init.d/S01date
[       90.05] stop /etc/init.d/S01allstopped
[        1.42] start /etc/init.d/S01allstopped
[        1.43] start /etc/init.d/S01date
[        1.45] start /etc/init.d/S01logging
[        1.47] start /etc/init.d/S01mountboot
[        1.53] start /etc/init.d/S01populate
[        1.57] start /etc/init.d/S02hardware
[        1.81] start /etc/init.d/S03splash
[        1.84] start /etc/init.d/S05udev
[        2.98] start /etc/init.d/S06dbus
[        3.11] start /etc/init.d/S07network
[        3.21] start /etc/init.d/S09wifi
[        3.31] start /etc/init.d/S10dhcpcd
[        3.53] start /etc/init.d/S11share
[       10.96] start /etc/init.d/S11upgrade
[       10.98] start /etc/init.d/S12populateshare
[       11.84] start /etc/init.d/S13fbcp
[       11.88] start /etc/init.d/S13hardware
[       11.96] start /etc/init.d/S14migrate
[       12.27] start /etc/init.d/S16modprobe
[       12.46] start /etc/init.d/S20urandom
[       12.49] start /etc/init.d/S24lircdmod
[       12.51] start /etc/init.d/S25hyperion
[       12.53] start /etc/init.d/S25lircd
[       12.56] start /etc/init.d/S26recalboxsystem
[       12.95] start /etc/init.d/S31emulationstation
[       13.00] start /etc/init.d/S31sixad
[       13.05] start /etc/init.d/S32bluetooth
[       13.12] start /etc/init.d/S35securepasswd
[       14.77] start /etc/init.d/S49ntp
[       14.86] start /etc/init.d/S50avahi-daemon
[       14.93] start /etc/init.d/S50dropbear
[       14.99] start /etc/init.d/S91smb
[       15.71] start /etc/init.d/S92steamcontroller
[       15.75] start /etc/init.d/S92switch
[       15.83] start /etc/init.d/S92virtualgamepads
[       15.91] start /etc/init.d/S94manager
[       15.99] start /etc/init.d/S98cleanup
[       16.00] start /etc/init.d/S99custom
[      200.63] stop /etc/init.d/S99custom
[      200.64] stop /etc/init.d/S98cleanup
[      200.66] stop /etc/init.d/S94manager
[      200.73] stop /etc/init.d/S92virtualgamepads
[      200.78] stop /etc/init.d/S92switch
[      200.86] stop /etc/init.d/S92steamcontroller
[      200.87] stop /etc/init.d/S91smb
[      200.95] stop /etc/init.d/S50dropbear
[      200.98] stop /etc/init.d/S50avahi-daemon
[      201.10] stop /etc/init.d/S49ntp
[      201.12] stop /etc/init.d/S35securepasswd
[      201.14] stop /etc/init.d/S32bluetooth
[      201.18] stop /etc/init.d/S31sixad
[      201.21] stop /etc/init.d/S31emulationstation
[      201.27] stop /etc/init.d/S26recalboxsystem
[      201.29] stop /etc/init.d/S25lircd
[      201.31] stop /etc/init.d/S25hyperion
[      201.34] stop /etc/init.d/S24lircdmod
[      201.35] stop /etc/init.d/S20urandom
[      201.37] stop /etc/init.d/S16modprobe
[      201.38] stop /etc/init.d/S14migrate
[      201.40] stop /etc/init.d/S13hardware
[      201.41] stop /etc/init.d/S13fbcp
[      201.44] stop /etc/init.d/S12populateshare
[      201.45] stop /etc/init.d/S11upgrade
[      201.47] stop /etc/init.d/S11share
[      201.57] stop /etc/init.d/S10dhcpcd
[      201.58] stop /etc/init.d/S09wifi
[      202.14] stop /etc/init.d/S07network
[      202.19] stop /etc/init.d/S06dbus
[      202.22] stop /etc/init.d/S05udev
[      202.25] stop /etc/init.d/S03splash
[      202.26] stop /etc/init.d/S02hardware
[      202.27] stop /etc/init.d/S01populate
[      202.28] stop /etc/init.d/S01mountboot
[      202.36] stop /etc/init.d/S01logging
[      202.38] stop /etc/init.d/S01date
[      202.39] stop /etc/init.d/S01allstopped
[        1.43] start /etc/init.d/S01allstopped
[        1.44] start /etc/init.d/S01date
[        1.46] start /etc/init.d/S01logging
[        1.48] start /etc/init.d/S01mountboot
[        1.55] start /etc/init.d/S01populate
[        1.59] start /etc/init.d/S02hardware
[        1.83] start /etc/init.d/S03splash
[        1.86] start /etc/init.d/S05udev
[        2.96] start /etc/init.d/S06dbus
[        3.12] start /etc/init.d/S07network
[        3.21] start /etc/init.d/S09wifi
[        3.31] start /etc/init.d/S10dhcpcd
[        3.52] start /etc/init.d/S11share
[       10.95] start /etc/init.d/S11upgrade
[       10.97] start /etc/init.d/S12populateshare
[       11.85] start /etc/init.d/S13fbcp
[       11.89] start /etc/init.d/S13hardware
[       11.97] start /etc/init.d/S14migrate
[       12.29] start /etc/init.d/S16modprobe
[       12.45] start /etc/init.d/S20urandom
[       12.48] start /etc/init.d/S24lircdmod
[       12.50] start /etc/init.d/S25hyperion
[       12.53] start /etc/init.d/S25lircd
[       12.55] start /etc/init.d/S26recalboxsystem
[       12.93] start /etc/init.d/S31emulationstation
[       12.99] start /etc/init.d/S31sixad
[       13.04] start /etc/init.d/S32bluetooth
[       13.10] start /etc/init.d/S35securepasswd
[       14.75] start /etc/init.d/S49ntp
[       14.84] start /etc/init.d/S50avahi-daemon
[       14.91] start /etc/init.d/S50dropbear
[       14.97] start /etc/init.d/S91smb
[       15.68] start /etc/init.d/S92steamcontroller
[       15.71] start /etc/init.d/S92switch
[       15.79] start /etc/init.d/S92virtualgamepads
[       15.86] start /etc/init.d/S94manager
[       15.94] start /etc/init.d/S98cleanup
[       15.96] start /etc/init.d/S99custom
[     1310.24] stop /etc/init.d/S99custom
[     1310.25] stop /etc/init.d/S98cleanup
[     1310.28] stop /etc/init.d/S94manager
[     1310.36] stop /etc/init.d/S92virtualgamepads
[     1310.41] stop /etc/init.d/S92switch
[     1310.47] stop /etc/init.d/S92steamcontroller
[     1310.49] stop /etc/init.d/S91smb
[     1310.57] stop /etc/init.d/S50dropbear
[     1310.59] stop /etc/init.d/S50avahi-daemon
[     1310.72] stop /etc/init.d/S49ntp
[     1310.74] stop /etc/init.d/S35securepasswd
[     1310.75] stop /etc/init.d/S32bluetooth
[     1310.79] stop /etc/init.d/S31sixad
[     1310.83] stop /etc/init.d/S31emulationstation
[     1310.89] stop /etc/init.d/S26recalboxsystem
[     1310.90] stop /etc/init.d/S25lircd
[     1310.92] stop /etc/init.d/S25hyperion
[     1310.95] stop /etc/init.d/S24lircdmod
[     1310.96] stop /etc/init.d/S20urandom
[     1310.98] stop /etc/init.d/S16modprobe
[     1310.99] stop /etc/init.d/S14migrate
[     1311.01] stop /etc/init.d/S13hardware
[     1311.02] stop /etc/init.d/S13fbcp
[     1311.05] stop /etc/init.d/S12populateshare
[     1311.07] stop /etc/init.d/S11upgrade
[     1311.08] stop /etc/init.d/S11share
[     1311.19] stop /etc/init.d/S10dhcpcd
[     1311.21] stop /etc/init.d/S09wifi
[     1311.24] stop /etc/init.d/S07network
[     1311.30] stop /etc/init.d/S06dbus
[     1311.33] stop /etc/init.d/S05udev
[     1311.36] stop /etc/init.d/S03splash
[     1311.37] stop /etc/init.d/S02hardware
[     1311.38] stop /etc/init.d/S01populate
[     1311.39] stop /etc/init.d/S01mountboot
[     1311.47] stop /etc/init.d/S01logging
[     1311.49] stop /etc/init.d/S01date
[     1311.50] stop /etc/init.d/S01allstopped
[        1.45] start /etc/init.d/S01allstopped
[        1.46] start /etc/init.d/S01date
[        1.48] start /etc/init.d/S01logging
[        1.51] start /etc/init.d/S01mountboot
[        1.57] start /etc/init.d/S01populate
[        1.61] start /etc/init.d/S02hardware
[        1.85] start /etc/init.d/S03splash
[        1.88] start /etc/init.d/S05udev
[        2.94] start /etc/init.d/S06dbus
[        3.10] start /etc/init.d/S07network
[        3.18] start /etc/init.d/S09wifi
[        3.31] start /etc/init.d/S10dhcpcd
[        3.53] start /etc/init.d/S11share
[       10.95] start /etc/init.d/S11upgrade
[       10.97] start /etc/init.d/S12populateshare
[       11.85] start /etc/init.d/S13fbcp
[       11.90] start /etc/init.d/S13hardware
[       11.98] start /etc/init.d/S14migrate
[       12.29] start /etc/init.d/S16modprobe
[       12.45] start /etc/init.d/S20urandom
[       12.48] start /etc/init.d/S24lircdmod
[       12.50] start /etc/init.d/S25hyperion
[       12.53] start /etc/init.d/S25lircd
[       12.55] start /etc/init.d/S26recalboxsystem
[       12.92] start /etc/init.d/S31emulationstation
[       12.98] start /etc/init.d/S31sixad
[       13.03] start /etc/init.d/S32bluetooth
[       13.10] start /etc/init.d/S35securepasswd
[       14.79] start /etc/init.d/S49ntp
[       14.89] start /etc/init.d/S50avahi-daemon
[       14.96] start /etc/init.d/S50dropbear
[       15.02] start /etc/init.d/S91smb
[       15.85] start /etc/init.d/S92steamcontroller
[       15.89] start /etc/init.d/S92switch
[       15.99] start /etc/init.d/S92virtualgamepads
[       16.07] start /etc/init.d/S94manager
[       16.14] start /etc/init.d/S98cleanup
[       16.16] start /etc/init.d/S99custom
[      422.71] stop /etc/init.d/S99custom
[      422.73] stop /etc/init.d/S98cleanup
[      422.75] stop /etc/init.d/S94manager
[      422.82] stop /etc/init.d/S92virtualgamepads
[      422.86] stop /etc/init.d/S92switch
[      422.91] stop /etc/init.d/S92steamcontroller
[      422.92] stop /etc/init.d/S91smb
[      422.99] stop /etc/init.d/S50dropbear
[      423.02] stop /etc/init.d/S50avahi-daemon
[      423.14] stop /etc/init.d/S49ntp
[      423.16] stop /etc/init.d/S35securepasswd
[      423.17] stop /etc/init.d/S32bluetooth
[      423.20] stop /etc/init.d/S31sixad
[      423.23] stop /etc/init.d/S31emulationstation
[      423.29] stop /etc/init.d/S26recalboxsystem
[      423.31] stop /etc/init.d/S25lircd
[      423.33] stop /etc/init.d/S25hyperion
[      423.35] stop /etc/init.d/S24lircdmod
[      423.36] stop /etc/init.d/S20urandom
[      423.38] stop /etc/init.d/S16modprobe
[      423.39] stop /etc/init.d/S14migrate
[      423.40] stop /etc/init.d/S13hardware
[      423.41] stop /etc/init.d/S13fbcp
[      423.44] stop /etc/init.d/S12populateshare
[      423.45] stop /etc/init.d/S11upgrade
[      423.46] stop /etc/init.d/S11share
[      423.56] stop /etc/init.d/S10dhcpcd
[      423.58] stop /etc/init.d/S09wifi
[      424.13] stop /etc/init.d/S07network
[      424.18] stop /etc/init.d/S06dbus
[      424.20] stop /etc/init.d/S05udev
[      424.23] stop /etc/init.d/S03splash
[      424.24] stop /etc/init.d/S02hardware
[      424.25] stop /etc/init.d/S01populate
[      424.26] stop /etc/init.d/S01mountboot
[      424.33] stop /etc/init.d/S01logging
[      424.35] stop /etc/init.d/S01date
[      424.36] stop /etc/init.d/S01allstopped
[        1.43] start /etc/init.d/S01allstopped
[        1.44] start /etc/init.d/S01date
[        1.46] start /etc/init.d/S01logging
[        1.48] start /etc/init.d/S01mountboot
[        1.56] start /etc/init.d/S01populate
[        1.60] start /etc/init.d/S02hardware
[        1.83] start /etc/init.d/S03splash
[        1.86] start /etc/init.d/S05udev
[        2.96] start /etc/init.d/S06dbus
[        3.10] start /etc/init.d/S07network
[        3.18] start /etc/init.d/S09wifi
[        3.30] start /etc/init.d/S10dhcpcd
[        3.53] start /etc/init.d/S11share
[       10.96] start /etc/init.d/S11upgrade
[       10.98] start /etc/init.d/S12populateshare
[       11.87] start /etc/init.d/S13fbcp
[       11.91] start /etc/init.d/S13hardware
[       11.99] start /etc/init.d/S14migrate
[       12.31] start /etc/init.d/S16modprobe
[       12.48] start /etc/init.d/S20urandom
[       12.51] start /etc/init.d/S24lircdmod
[       12.53] start /etc/init.d/S25hyperion
[       12.56] start /etc/init.d/S25lircd
[       12.58] start /etc/init.d/S26recalboxsystem
[       12.96] start /etc/init.d/S31emulationstation
[       13.02] start /etc/init.d/S31sixad
[       13.07] start /etc/init.d/S32bluetooth
[       13.14] start /etc/init.d/S35securepasswd
[       14.85] start /etc/init.d/S49ntp
[       14.95] start /etc/init.d/S50avahi-daemon
[       15.03] start /etc/init.d/S50dropbear
[       15.09] start /etc/init.d/S91smb
[       15.97] start /etc/init.d/S92steamcontroller
[       16.01] start /etc/init.d/S92switch
[       16.11] start /etc/init.d/S92virtualgamepads
[       16.18] start /etc/init.d/S94manager
[       16.27] start /etc/init.d/S98cleanup
[       16.29] start /etc/init.d/S99custom
[     1808.05] stop /etc/init.d/S99custom
[     1808.06] stop /etc/init.d/S98cleanup
[     1808.09] stop /etc/init.d/S94manager
[     1808.16] stop /etc/init.d/S92virtualgamepads
[     1808.21] stop /etc/init.d/S92switch
[     1808.27] stop /etc/init.d/S92steamcontroller
[     1808.29] stop /etc/init.d/S91smb
[     1808.36] stop /etc/init.d/S50dropbear
[     1808.39] stop /etc/init.d/S50avahi-daemon
[     1808.51] stop /etc/init.d/S49ntp
[     1808.53] stop /etc/init.d/S35securepasswd
[     1808.54] stop /etc/init.d/S32bluetooth
[     1808.58] stop /etc/init.d/S31sixad
[     1808.61] stop /etc/init.d/S31emulationstation
[     1808.66] stop /etc/init.d/S26recalboxsystem
[     1808.68] stop /etc/init.d/S25lircd
[     1808.70] stop /etc/init.d/S25hyperion
[     1808.72] stop /etc/init.d/S24lircdmod
[     1808.73] stop /etc/init.d/S20urandom
[     1808.75] stop /etc/init.d/S16modprobe
[     1808.76] stop /etc/init.d/S14migrate
[     1808.77] stop /etc/init.d/S13hardware
[     1808.78] stop /etc/init.d/S13fbcp
[     1808.81] stop /etc/init.d/S12populateshare
[     1808.82] stop /etc/init.d/S11upgrade
[     1808.83] stop /etc/init.d/S11share
[     1808.93] stop /etc/init.d/S10dhcpcd
[     1808.95] stop /etc/init.d/S09wifi
[     1808.98] stop /etc/init.d/S07network
[     1809.03] stop /etc/init.d/S06dbus
[     1809.05] stop /etc/init.d/S05udev
[     1809.08] stop /etc/init.d/S03splash
[     1809.09] stop /etc/init.d/S02hardware
[     1809.10] stop /etc/init.d/S01populate
[     1809.11] stop /etc/init.d/S01mountboot
[     1809.16] stop /etc/init.d/S01logging
[     1809.18] stop /etc/init.d/S01date
[     1809.19] stop /etc/init.d/S01allstopped
[        1.44] start /etc/init.d/S01allstopped
[        1.45] start /etc/init.d/S01date
[        1.47] start /etc/init.d/S01logging
[        1.49] start /etc/init.d/S01mountboot
[        1.56] start /etc/init.d/S01populate
[        1.60] start /etc/init.d/S02hardware
[        1.84] start /etc/init.d/S03splash
[        1.87] start /etc/init.d/S05udev
[        2.95] start /etc/init.d/S06dbus
[        3.10] start /etc/init.d/S07network
[        3.18] start /etc/init.d/S09wifi
[        3.33] start /etc/init.d/S10dhcpcd
[        3.56] start /etc/init.d/S11share
[       10.99] start /etc/init.d/S11upgrade
[       11.01] start /etc/init.d/S12populateshare
[       11.88] start /etc/init.d/S13fbcp
[       11.93] start /etc/init.d/S13hardware
[       12.00] start /etc/init.d/S14migrate
[       12.32] start /etc/init.d/S16modprobe
[       12.50] start /etc/init.d/S20urandom
[       12.53] start /etc/init.d/S24lircdmod
[       12.55] start /etc/init.d/S25hyperion
[       12.57] start /etc/init.d/S25lircd
[       12.60] start /etc/init.d/S26recalboxsystem
[       12.98] start /etc/init.d/S31emulationstation
[       13.03] start /etc/init.d/S31sixad
[       13.08] start /etc/init.d/S32bluetooth
[       13.15] start /etc/init.d/S35securepasswd
[       14.80] start /etc/init.d/S49ntp
[       14.89] start /etc/init.d/S50avahi-daemon
[       14.95] start /etc/init.d/S50dropbear
[       15.01] start /etc/init.d/S91smb
[       15.89] start /etc/init.d/S92steamcontroller
[       15.93] start /etc/init.d/S92switch
[       16.05] start /etc/init.d/S92virtualgamepads
[       16.17] start /etc/init.d/S94manager
[       16.30] start /etc/init.d/S98cleanup
[       16.32] start /etc/init.d/S99custom
[      170.10] stop /etc/init.d/S99custom
[      170.11] stop /etc/init.d/S98cleanup
[      170.14] stop /etc/init.d/S94manager
[      170.21] stop /etc/init.d/S92virtualgamepads
[      170.25] stop /etc/init.d/S92switch
[      170.34] stop /etc/init.d/S92steamcontroller
[      170.35] stop /etc/init.d/S91smb
[      170.43] stop /etc/init.d/S50dropbear
[      170.45] stop /etc/init.d/S50avahi-daemon
[      170.58] stop /etc/init.d/S49ntp
[      170.60] stop /etc/init.d/S35securepasswd
[      170.61] stop /etc/init.d/S32bluetooth
[      170.65] stop /etc/init.d/S31sixad
[      170.69] stop /etc/init.d/S31emulationstation
[      170.74] stop /etc/init.d/S26recalboxsystem
[      170.76] stop /etc/init.d/S25lircd
[      170.78] stop /etc/init.d/S25hyperion
[      170.80] stop /etc/init.d/S24lircdmod
[      170.82] stop /etc/init.d/S20urandom
[      170.83] stop /etc/init.d/S16modprobe
[      170.85] stop /etc/init.d/S14migrate
[      170.86] stop /etc/init.d/S13hardware
[      170.88] stop /etc/init.d/S13fbcp
[      170.91] stop /etc/init.d/S12populateshare
[      170.92] stop /etc/init.d/S11upgrade
[      170.93] stop /etc/init.d/S11share
[      171.04] stop /etc/init.d/S10dhcpcd
[      171.05] stop /etc/init.d/S09wifi
[      171.61] stop /etc/init.d/S07network
[      171.66] stop /etc/init.d/S06dbus
[      171.69] stop /etc/init.d/S05udev
[      171.72] stop /etc/init.d/S03splash
[      171.73] stop /etc/init.d/S02hardware
[      171.74] stop /etc/init.d/S01populate
[      171.75] stop /etc/init.d/S01mountboot
[      171.83] stop /etc/init.d/S01logging
[      171.85] stop /etc/init.d/S01date
[      171.86] stop /etc/init.d/S01allstopped
[        1.43] start /etc/init.d/S01allstopped
[        1.44] start /etc/init.d/S01date
[        1.46] start /etc/init.d/S01logging
[        1.48] start /etc/init.d/S01mountboot
[        1.55] start /etc/init.d/S01populate
[        1.59] start /etc/init.d/S02hardware
[        1.82] start /etc/init.d/S03splash
[        1.85] start /etc/init.d/S05udev
[        2.97] start /etc/init.d/S06dbus
[        3.11] start /etc/init.d/S07network
[        3.20] start /etc/init.d/S09wifi
[        3.29] start /etc/init.d/S10dhcpcd
[        3.51] start /etc/init.d/S11share
[       10.94] start /etc/init.d/S11upgrade
[       10.97] start /etc/init.d/S12populateshare
[       11.86] start /etc/init.d/S13fbcp
[       11.90] start /etc/init.d/S13hardware
[       11.98] start /etc/init.d/S14migrate
[       12.31] start /etc/init.d/S16modprobe
[       12.47] start /etc/init.d/S20urandom
[       12.50] start /etc/init.d/S24lircdmod
[       12.52] start /etc/init.d/S25hyperion
[       12.55] start /etc/init.d/S25lircd
[       12.57] start /etc/init.d/S26recalboxsystem
[       12.95] start /etc/init.d/S31emulationstation
[       13.01] start /etc/init.d/S31sixad
[       13.06] start /etc/init.d/S32bluetooth
[       13.13] start /etc/init.d/S35securepasswd
[       14.83] start /etc/init.d/S49ntp
[       14.94] start /etc/init.d/S50avahi-daemon
[       15.01] start /etc/init.d/S50dropbear
[       15.08] start /etc/init.d/S91smb
[       15.90] start /etc/init.d/S92steamcontroller
[       15.92] start /etc/init.d/S92switch
[       16.01] start /etc/init.d/S92virtualgamepads
[       16.09] start /etc/init.d/S94manager
[       16.19] start /etc/init.d/S98cleanup
[       16.21] start /etc/init.d/S99custom
[      410.04] stop /etc/init.d/S99custom
[      410.06] stop /etc/init.d/S98cleanup
[      410.08] stop /etc/init.d/S94manager
[      410.15] stop /etc/init.d/S92virtualgamepads
[      410.20] stop /etc/init.d/S92switch
[      410.26] stop /etc/init.d/S92steamcontroller
[      410.28] stop /etc/init.d/S91smb
[      410.35] stop /etc/init.d/S50dropbear
[      410.38] stop /etc/init.d/S50avahi-daemon
[      410.50] stop /etc/init.d/S49ntp
[      410.53] stop /etc/init.d/S35securepasswd
[      410.54] stop /etc/init.d/S32bluetooth
[      410.58] stop /etc/init.d/S31sixad
[      410.61] stop /etc/init.d/S31emulationstation
[      410.67] stop /etc/init.d/S26recalboxsystem
[      410.69] stop /etc/init.d/S25lircd
[      410.71] stop /etc/init.d/S25hyperion
[      410.73] stop /etc/init.d/S24lircdmod
[      410.74] stop /etc/init.d/S20urandom
[      410.76] stop /etc/init.d/S16modprobe
[      410.77] stop /etc/init.d/S14migrate
[      410.79] stop /etc/init.d/S13hardware
[      410.80] stop /etc/init.d/S13fbcp
[      410.83] stop /etc/init.d/S12populateshare
[      410.84] stop /etc/init.d/S11upgrade
[      410.86] stop /etc/init.d/S11share
[      411.36] stop /etc/init.d/S10dhcpcd
[      411.38] stop /etc/init.d/S09wifi
[      411.93] stop /etc/init.d/S07network
[      411.98] stop /etc/init.d/S06dbus
[      412.01] stop /etc/init.d/S05udev
[      412.04] stop /etc/init.d/S03splash
[      412.05] stop /etc/init.d/S02hardware
[      412.06] stop /etc/init.d/S01populate
[      412.07] stop /etc/init.d/S01mountboot
[      412.14] stop /etc/init.d/S01logging
[      412.16] stop /etc/init.d/S01date
[      412.17] stop /etc/init.d/S01allstopped
[        1.44] start /etc/init.d/S01allstopped
[        1.45] start /etc/init.d/S01date
[        1.47] start /etc/init.d/S01logging
[        1.49] start /etc/init.d/S01mountboot
[        1.56] start /etc/init.d/S01populate
[        1.60] start /etc/init.d/S02hardware
[        1.83] start /etc/init.d/S03splash
[        1.86] start /etc/init.d/S05udev
[        2.96] start /etc/init.d/S06dbus
[        3.10] start /etc/init.d/S07network
[        3.17] start /etc/init.d/S09wifi
[        3.30] start /etc/init.d/S10dhcpcd
[        3.51] start /etc/init.d/S11share
[       10.95] start /etc/init.d/S11upgrade
[       10.97] start /etc/init.d/S12populateshare
[       11.83] start /etc/init.d/S13fbcp
[       11.87] start /etc/init.d/S13hardware
[       11.95] start /etc/init.d/S14migrate
[       12.37] start /etc/init.d/S16modprobe
[       12.69] start /etc/init.d/S20urandom
[       12.72] start /etc/init.d/S24lircdmod
[       12.74] start /etc/init.d/S25hyperion
[       12.76] start /etc/init.d/S25lircd
[       12.79] start /etc/init.d/S26recalboxsystem
[       13.12] start /etc/init.d/S31emulationstation
[       13.18] start /etc/init.d/S31sixad
[       13.22] start /etc/init.d/S32bluetooth
[       13.27] start /etc/init.d/S35securepasswd
[       14.92] start /etc/init.d/S49ntp
[       15.01] start /etc/init.d/S50avahi-daemon
[       15.08] start /etc/init.d/S50dropbear
[       15.13] start /etc/init.d/S91smb
[       15.86] start /etc/init.d/S92steamcontroller
[       15.89] start /etc/init.d/S92switch
[       15.97] start /etc/init.d/S92virtualgamepads
[       16.06] start /etc/init.d/S94manager
[       16.13] start /etc/init.d/S98cleanup
[       16.15] start /etc/init.d/S99custom
[      573.93] stop /etc/init.d/S99custom
[      573.94] stop /etc/init.d/S98cleanup
[      573.97] stop /etc/init.d/S94manager
[      574.04] stop /etc/init.d/S92virtualgamepads
[      574.09] stop /etc/init.d/S92switch
[      574.15] stop /etc/init.d/S92steamcontroller
[      574.17] stop /etc/init.d/S91smb
[      574.25] stop /etc/init.d/S50dropbear
[      574.27] stop /etc/init.d/S50avahi-daemon
[      574.40] stop /etc/init.d/S49ntp
[      574.42] stop /etc/init.d/S35securepasswd
[      574.43] stop /etc/init.d/S32bluetooth
[      574.48] stop /etc/init.d/S31sixad
[      574.52] stop /etc/init.d/S31emulationstation
[      574.58] stop /etc/init.d/S26recalboxsystem
[      574.59] stop /etc/init.d/S25lircd
[      574.61] stop /etc/init.d/S25hyperion
[      574.64] stop /etc/init.d/S24lircdmod
[      574.65] stop /etc/init.d/S20urandom
[      574.67] stop /etc/init.d/S16modprobe
[      574.68] stop /etc/init.d/S14migrate
[      574.69] stop /etc/init.d/S13hardware
[      574.71] stop /etc/init.d/S13fbcp
[      574.73] stop /etc/init.d/S12populateshare
[      574.75] stop /etc/init.d/S11upgrade
[      574.76] stop /etc/init.d/S11share
[      574.87] stop /etc/init.d/S10dhcpcd
[      574.89] stop /etc/init.d/S09wifi
[      575.44] stop /etc/init.d/S07network
[      575.49] stop /etc/init.d/S06dbus
[      575.52] stop /etc/init.d/S05udev
[      575.55] stop /etc/init.d/S03splash
[      575.56] stop /etc/init.d/S02hardware
[      575.57] stop /etc/init.d/S01populate
[      575.58] stop /etc/init.d/S01mountboot
[      575.65] stop /etc/init.d/S01logging
[      575.67] stop /etc/init.d/S01date
[      575.68] stop /etc/init.d/S01allstopped
[        1.42] start /etc/init.d/S01allstopped
[        1.43] start /etc/init.d/S01date
[        1.45] start /etc/init.d/S01logging
[        1.47] start /etc/init.d/S01mountboot
[        1.54] start /etc/init.d/S01populate
[        1.57] start /etc/init.d/S02hardware
[        1.81] start /etc/init.d/S03splash
[        1.84] start /etc/init.d/S05udev
[        2.95] start /etc/init.d/S06dbus
[        3.10] start /etc/init.d/S07network
[        3.17] start /etc/init.d/S09wifi
[        3.27] start /etc/init.d/S10dhcpcd
[        3.56] start /etc/init.d/S11share
[       10.99] start /etc/init.d/S11upgrade
[       11.01] start /etc/init.d/S12populateshare
[       11.91] start /etc/init.d/S13fbcp
[       11.95] start /etc/init.d/S13hardware
[       12.03] start /etc/init.d/S14migrate
[       12.36] start /etc/init.d/S16modprobe
[       12.53] start /etc/init.d/S20urandom
[       12.56] start /etc/init.d/S24lircdmod
[       12.59] start /etc/init.d/S25hyperion
[       12.61] start /etc/init.d/S25lircd
[       12.64] start /etc/init.d/S26recalboxsystem
[       13.03] start /etc/init.d/S31emulationstation
[       13.09] start /etc/init.d/S31sixad
[       13.13] start /etc/init.d/S32bluetooth
[       13.19] start /etc/init.d/S35securepasswd
[       14.91] start /etc/init.d/S49ntp
[       15.02] start /etc/init.d/S50avahi-daemon
[       15.09] start /etc/init.d/S50dropbear
[       15.15] start /etc/init.d/S91smb
[       16.06] start /etc/init.d/S92steamcontroller
[       16.10] start /etc/init.d/S92switch
[       16.19] start /etc/init.d/S92virtualgamepads
[       16.28] start /etc/init.d/S94manager
[       16.37] start /etc/init.d/S98cleanup
[       16.39] start /etc/init.d/S99custom
[      185.13] stop /etc/init.d/S99custom
[      185.14] stop /etc/init.d/S98cleanup
[      185.16] stop /etc/init.d/S94manager
[      185.23] stop /etc/init.d/S92virtualgamepads
[      185.28] stop /etc/init.d/S92switch
[      185.34] stop /etc/init.d/S92steamcontroller
[      185.36] stop /etc/init.d/S91smb
[      185.43] stop /etc/init.d/S50dropbear
[      185.46] stop /etc/init.d/S50avahi-daemon
[      185.58] stop /etc/init.d/S49ntp
[      185.60] stop /etc/init.d/S35securepasswd
[      185.62] stop /etc/init.d/S32bluetooth
[      185.66] stop /etc/init.d/S31sixad
[      185.69] stop /etc/init.d/S31emulationstation
[      185.75] stop /etc/init.d/S26recalboxsystem
[      185.77] stop /etc/init.d/S25lircd
[      185.79] stop /etc/init.d/S25hyperion
[      185.81] stop /etc/init.d/S24lircdmod
[      185.82] stop /etc/init.d/S20urandom
[      185.84] stop /etc/init.d/S16modprobe
[      185.86] stop /etc/init.d/S14migrate
[      185.87] stop /etc/init.d/S13hardware
[      185.88] stop /etc/init.d/S13fbcp
[      185.91] stop /etc/init.d/S12populateshare
[      185.92] stop /etc/init.d/S11upgrade
[      185.94] stop /etc/init.d/S11share
[      186.04] stop /etc/init.d/S10dhcpcd
[      186.07] stop /etc/init.d/S09wifi
[      186.62] stop /etc/init.d/S07network
[      186.67] stop /etc/init.d/S06dbus
[      186.70] stop /etc/init.d/S05udev
[      186.73] stop /etc/init.d/S03splash
[      186.74] stop /etc/init.d/S02hardware
[      186.75] stop /etc/init.d/S01populate
[      186.76] stop /etc/init.d/S01mountboot
[      186.84] stop /etc/init.d/S01logging
[      186.86] stop /etc/init.d/S01date
[      186.87] stop /etc/init.d/S01allstopped
[        1.42] start /etc/init.d/S01allstopped
[        1.43] start /etc/init.d/S01date
[        1.45] start /etc/init.d/S01logging
[        1.47] start /etc/init.d/S01mountboot
[        1.54] start /etc/init.d/S01populate
[        1.58] start /etc/init.d/S02hardware
[        1.81] start /etc/init.d/S03splash
[        1.84] start /etc/init.d/S05udev
[        2.94] start /etc/init.d/S06dbus
[        3.10] start /etc/init.d/S07network
[        3.19] start /etc/init.d/S09wifi
[        3.29] start /etc/init.d/S10dhcpcd
[        3.49] start /etc/init.d/S11share
[       10.89] start /etc/init.d/S11upgrade
[       10.91] start /etc/init.d/S12populateshare
[       11.72] start /etc/init.d/S13fbcp
[       11.76] start /etc/init.d/S13hardware
[       11.83] start /etc/init.d/S14migrate
[       12.13] start /etc/init.d/S16modprobe
[       12.28] start /etc/init.d/S20urandom
[       12.31] start /etc/init.d/S24lircdmod
[       12.33] start /etc/init.d/S25hyperion
[       12.36] start /etc/init.d/S25lircd
[       12.38] start /etc/init.d/S26recalboxsystem
[       12.74] start /etc/init.d/S31emulationstation
[       12.79] start /etc/init.d/S31sixad
[       12.82] start /etc/init.d/S32bluetooth
[       12.87] start /etc/init.d/S35securepasswd
[       14.52] start /etc/init.d/S49ntp
[       14.61] start /etc/init.d/S50avahi-daemon
[       14.68] start /etc/init.d/S50dropbear
[       14.74] start /etc/init.d/S91smb
[       15.43] start /etc/init.d/S92steamcontroller
[       15.45] start /etc/init.d/S92switch
[       15.52] start /etc/init.d/S92virtualgamepads
[       15.57] start /etc/init.d/S94manager
[       15.63] start /etc/init.d/S98cleanup
[       15.64] start /etc/init.d/S99custom
[        1.43] start /etc/init.d/S01allstopped
[        1.44] start /etc/init.d/S01date
[        1.46] start /etc/init.d/S01logging
[        1.48] start /etc/init.d/S01mountboot
[        1.55] start /etc/init.d/S01populate
[        1.58] start /etc/init.d/S02hardware
[        1.82] start /etc/init.d/S03splash
[        1.85] start /etc/init.d/S05udev
[        2.96] start /etc/init.d/S06dbus
[        3.11] start /etc/init.d/S07network
[        3.21] start /etc/init.d/S09wifi
[        3.31] start /etc/init.d/S10dhcpcd
[        3.50] start /etc/init.d/S11share
[       13.46] start /etc/init.d/S11upgrade
[       13.48] start /etc/init.d/S12populateshare
[       14.29] start /etc/init.d/S13fbcp
[       14.33] start /etc/init.d/S13hardware
[       14.40] start /etc/init.d/S14migrate
[       16.07] start /etc/init.d/S16modprobe
[       17.54] start /etc/init.d/S20urandom
[       17.57] start /etc/init.d/S24lircdmod
[       17.59] start /etc/init.d/S25hyperion
[       17.61] start /etc/init.d/S25lircd
[       17.64] start /etc/init.d/S26recalboxsystem
[       18.02] start /etc/init.d/S31emulationstation
[       18.07] start /etc/init.d/S31sixad
[       18.11] start /etc/init.d/S32bluetooth
[       18.17] start /etc/init.d/S35securepasswd
[       19.84] start /etc/init.d/S49ntp
[       19.92] start /etc/init.d/S50avahi-daemon
[       19.99] start /etc/init.d/S50dropbear
[       20.05] start /etc/init.d/S91smb
[       20.76] start /etc/init.d/S92steamcontroller
[       20.78] start /etc/init.d/S92switch
[       20.85] start /etc/init.d/S92virtualgamepads
[       20.90] start /etc/init.d/S94manager
[       20.97] start /etc/init.d/S98cleanup
[       20.98] start /etc/init.d/S99custom
[        1.42] start /etc/init.d/S01allstopped
[        1.43] start /etc/init.d/S01date
[        1.45] start /etc/init.d/S01logging
[        1.47] start /etc/init.d/S01mountboot
[        1.54] start /etc/init.d/S01populate
[        1.58] start /etc/init.d/S02hardware
[        1.82] start /etc/init.d/S03splash
[        1.85] start /etc/init.d/S05udev
[        2.95] start /etc/init.d/S06dbus
[        3.09] start /etc/init.d/S07network
[        3.16] start /etc/init.d/S09wifi
[        3.27] start /etc/init.d/S10dhcpcd
[        3.50] start /etc/init.d/S11share
[       11.00] start /etc/init.d/S11upgrade
[       11.02] start /etc/init.d/S12populateshare
[       11.90] start /etc/init.d/S13fbcp
[       11.94] start /etc/init.d/S13hardware
[       12.02] start /etc/init.d/S14migrate
[       12.32] start /etc/init.d/S16modprobe
[       12.49] start /etc/init.d/S20urandom
[       12.52] start /etc/init.d/S24lircdmod
[       12.54] start /etc/init.d/S25hyperion
[       12.57] start /etc/init.d/S25lircd
[       12.59] start /etc/init.d/S26recalboxsystem
[       13.00] start /etc/init.d/S31emulationstation
[       13.06] start /etc/init.d/S31sixad
[       13.11] start /etc/init.d/S32bluetooth
[       13.17] start /etc/init.d/S35securepasswd
[       14.97] start /etc/init.d/S49ntp
[       15.06] start /etc/init.d/S50avahi-daemon
[       15.12] start /etc/init.d/S50dropbear
[       15.17] start /etc/init.d/S91smb
[       15.91] start /etc/init.d/S92steamcontroller
[       15.93] start /etc/init.d/S92switch
[       16.01] start /etc/init.d/S92virtualgamepads
[       16.07] start /etc/init.d/S94manager
[       16.18] start /etc/init.d/S98cleanup
[       16.20] start /etc/init.d/S99custom
[       50.19] stop /etc/init.d/S99custom
[       50.21] stop /etc/init.d/S98cleanup
[       50.25] stop /etc/init.d/S94manager
[       50.34] stop /etc/init.d/S92virtualgamepads
[       50.40] stop /etc/init.d/S92switch
[       50.48] stop /etc/init.d/S92steamcontroller
[       50.51] stop /etc/init.d/S91smb
[       50.65] stop /etc/init.d/S50dropbear
[       50.69] stop /etc/init.d/S50avahi-daemon
[       50.82] stop /etc/init.d/S49ntp
[       50.86] stop /etc/init.d/S35securepasswd
[       50.88] stop /etc/init.d/S32bluetooth
[       50.94] stop /etc/init.d/S31sixad
[       50.99] stop /etc/init.d/S31emulationstation
[       51.08] stop /etc/init.d/S26recalboxsystem
[       51.11] stop /etc/init.d/S25lircd
[       51.14] stop /etc/init.d/S25hyperion
[       51.17] stop /etc/init.d/S24lircdmod
[       51.19] stop /etc/init.d/S20urandom
[       51.21] stop /etc/init.d/S16modprobe
[       51.23] stop /etc/init.d/S14migrate
[       51.24] stop /etc/init.d/S13hardware
[       51.26] stop /etc/init.d/S13fbcp
[       51.30] stop /etc/init.d/S12populateshare
[       51.32] stop /etc/init.d/S11upgrade
[       51.34] stop /etc/init.d/S11share
[       51.46] stop /etc/init.d/S10dhcpcd
[       51.48] stop /etc/init.d/S09wifi
[       52.04] stop /etc/init.d/S07network
[       52.09] stop /etc/init.d/S06dbus
[       52.14] stop /etc/init.d/S05udev
[       52.18] stop /etc/init.d/S03splash
[       52.19] stop /etc/init.d/S02hardware
[       52.20] stop /etc/init.d/S01populate
[       52.21] stop /etc/init.d/S01mountboot
[       52.28] stop /etc/init.d/S01logging
[       52.30] stop /etc/init.d/S01date
[       52.31] stop /etc/init.d/S01allstopped
[        1.42] start /etc/init.d/S01allstopped
[        1.43] start /etc/init.d/S01date
[        1.45] start /etc/init.d/S01logging
[        1.47] start /etc/init.d/S01mountboot
[        1.54] start /etc/init.d/S01populate
[        1.58] start /etc/init.d/S02hardware
[        1.81] start /etc/init.d/S03splash
[        1.85] start /etc/init.d/S05udev
[        2.92] start /etc/init.d/S06dbus
[        3.07] start /etc/init.d/S07network
[        3.15] start /etc/init.d/S09wifi
[        3.27] start /etc/init.d/S10dhcpcd
[        3.51] start /etc/init.d/S11share
[       10.92] start /etc/init.d/S11upgrade
[       10.94] start /etc/init.d/S12populateshare
[       11.75] start /etc/init.d/S13fbcp
[       11.79] start /etc/init.d/S13hardware
[       11.86] start /etc/init.d/S14migrate
[       12.15] start /etc/init.d/S16modprobe
[       12.32] start /etc/init.d/S20urandom
[       12.34] start /etc/init.d/S24lircdmod
[       12.36] start /etc/init.d/S25hyperion
[       12.38] start /etc/init.d/S25lircd
[       12.41] start /etc/init.d/S26recalboxsystem
[       12.78] start /etc/init.d/S31emulationstation
[       12.83] start /etc/init.d/S31sixad
[       12.88] start /etc/init.d/S32bluetooth
[       12.93] start /etc/init.d/S35securepasswd
[       14.53] start /etc/init.d/S49ntp
[       14.61] start /etc/init.d/S50avahi-daemon
[       14.68] start /etc/init.d/S50dropbear
[       14.75] start /etc/init.d/S91smb
[       15.49] start /etc/init.d/S92steamcontroller
[       15.52] start /etc/init.d/S92switch
[       15.60] start /etc/init.d/S92virtualgamepads
[       15.66] start /etc/init.d/S94manager
[       15.72] start /etc/init.d/S98cleanup
[       15.74] start /etc/init.d/S99custom
[      763.15] stop /etc/init.d/S99custom
[      763.16] stop /etc/init.d/S98cleanup
[      763.19] stop /etc/init.d/S94manager
[      763.25] stop /etc/init.d/S92virtualgamepads
[      763.29] stop /etc/init.d/S92switch
[      763.34] stop /etc/init.d/S92steamcontroller
[      763.35] stop /etc/init.d/S91smb
[      763.42] stop /etc/init.d/S50dropbear
[      763.45] stop /etc/init.d/S50avahi-daemon
[      763.57] stop /etc/init.d/S49ntp
[      763.59] stop /etc/init.d/S35securepasswd
[      763.60] stop /etc/init.d/S32bluetooth
[      763.64] stop /etc/init.d/S31sixad
[      763.67] stop /etc/init.d/S31emulationstation
[      763.72] stop /etc/init.d/S26recalboxsystem
[      763.73] stop /etc/init.d/S25lircd
[      763.75] stop /etc/init.d/S25hyperion
[      763.77] stop /etc/init.d/S24lircdmod
[      763.78] stop /etc/init.d/S20urandom
[      763.80] stop /etc/init.d/S16modprobe
[      763.81] stop /etc/init.d/S14migrate
[      763.82] stop /etc/init.d/S13hardware
[      763.83] stop /etc/init.d/S13fbcp
[      763.86] stop /etc/init.d/S12populateshare
[      763.87] stop /etc/init.d/S11upgrade
[      763.88] stop /etc/init.d/S11share
[      763.97] stop /etc/init.d/S10dhcpcd
[      763.99] stop /etc/init.d/S09wifi
[      764.54] stop /etc/init.d/S07network
[      764.59] stop /etc/init.d/S06dbus
[      764.61] stop /etc/init.d/S05udev
[      764.64] stop /etc/init.d/S03splash
[      764.65] stop /etc/init.d/S02hardware
[      764.66] stop /etc/init.d/S01populate
[      764.67] stop /etc/init.d/S01mountboot
[      764.74] stop /etc/init.d/S01logging
[      764.76] stop /etc/init.d/S01date
[      764.77] stop /etc/init.d/S01allstopped
[        1.45] start /etc/init.d/S01allstopped
[        1.46] start /etc/init.d/S01date
[        1.48] start /etc/init.d/S01logging
[        1.50] start /etc/init.d/S01mountboot
[        1.57] start /etc/init.d/S01populate
[        1.61] start /etc/init.d/S02hardware
[        1.84] start /etc/init.d/S03splash
[        1.87] start /etc/init.d/S05udev
[        2.94] start /etc/init.d/S06dbus
[        3.09] start /etc/init.d/S07network
[        3.17] start /etc/init.d/S09wifi
[        3.28] start /etc/init.d/S10dhcpcd
[        3.48] start /etc/init.d/S11share
[       10.88] start /etc/init.d/S11upgrade
[       10.91] start /etc/init.d/S12populateshare
[       11.71] start /etc/init.d/S13fbcp
[       11.75] start /etc/init.d/S13hardware
[       11.82] start /etc/init.d/S14migrate
[       12.12] start /etc/init.d/S16modprobe
[       12.28] start /etc/init.d/S20urandom
[       12.31] start /etc/init.d/S24lircdmod
[       12.33] start /etc/init.d/S25hyperion
[       12.36] start /etc/init.d/S25lircd
[       12.38] start /etc/init.d/S26recalboxsystem
[       12.74] start /etc/init.d/S31emulationstation
[       12.80] start /etc/init.d/S31sixad
[       12.84] start /etc/init.d/S32bluetooth
[       12.89] start /etc/init.d/S35securepasswd
[       14.50] start /etc/init.d/S49ntp
[       14.59] start /etc/init.d/S50avahi-daemon
[       14.65] start /etc/init.d/S50dropbear
[       14.71] start /etc/init.d/S91smb
[       15.41] start /etc/init.d/S92steamcontroller
[       15.43] start /etc/init.d/S92switch
[       15.50] start /etc/init.d/S92virtualgamepads
[       15.55] start /etc/init.d/S94manager
[       15.61] start /etc/init.d/S98cleanup
[       15.63] start /etc/init.d/S99custom
[      183.05] stop /etc/init.d/S99custom
[      183.06] stop /etc/init.d/S98cleanup
[      183.09] stop /etc/init.d/S94manager
[      183.15] stop /etc/init.d/S92virtualgamepads
[      183.19] stop /etc/init.d/S92switch
[      183.24] stop /etc/init.d/S92steamcontroller
[      183.25] stop /etc/init.d/S91smb
[      183.32] stop /etc/init.d/S50dropbear
[      183.35] stop /etc/init.d/S50avahi-daemon
[      183.47] stop /etc/init.d/S49ntp
[      183.49] stop /etc/init.d/S35securepasswd
[      183.50] stop /etc/init.d/S32bluetooth
[      183.54] stop /etc/init.d/S31sixad
[      183.57] stop /etc/init.d/S31emulationstation
[      183.62] stop /etc/init.d/S26recalboxsystem
[      183.64] stop /etc/init.d/S25lircd
[      183.66] stop /etc/init.d/S25hyperion
[      183.68] stop /etc/init.d/S24lircdmod
[      183.69] stop /etc/init.d/S20urandom
[      183.70] stop /etc/init.d/S16modprobe
[      183.72] stop /etc/init.d/S14migrate
[      183.73] stop /etc/init.d/S13hardware
[      183.74] stop /etc/init.d/S13fbcp
[      183.77] stop /etc/init.d/S12populateshare
[      183.78] stop /etc/init.d/S11upgrade
[      183.79] stop /etc/init.d/S11share
[      183.89] stop /etc/init.d/S10dhcpcd
[      183.91] stop /etc/init.d/S09wifi
[      184.46] stop /etc/init.d/S07network
[      184.51] stop /etc/init.d/S06dbus
[      184.53] stop /etc/init.d/S05udev
[      184.56] stop /etc/init.d/S03splash
[      184.57] stop /etc/init.d/S02hardware
[      184.58] stop /etc/init.d/S01populate
[      184.59] stop /etc/init.d/S01mountboot
[      184.64] stop /etc/init.d/S01logging
[      184.66] stop /etc/init.d/S01date
[      184.67] stop /etc/init.d/S01allstopped
[        1.40] start /etc/init.d/S01allstopped
[        1.41] start /etc/init.d/S01date
[        1.43] start /etc/init.d/S01logging
[        1.45] start /etc/init.d/S01mountboot
[        1.52] start /etc/init.d/S01populate
[        1.55] start /etc/init.d/S02hardware
[        1.79] start /etc/init.d/S03splash
[        1.82] start /etc/init.d/S05udev
[        2.93] start /etc/init.d/S06dbus
[        3.09] start /etc/init.d/S07network
[        3.16] start /etc/init.d/S09wifi
[        3.28] start /etc/init.d/S10dhcpcd
[        3.50] start /etc/init.d/S11share
[       10.92] start /etc/init.d/S11upgrade
[       10.94] start /etc/init.d/S12populateshare
[       11.76] start /etc/init.d/S13fbcp
[       11.79] start /etc/init.d/S13hardware
[       11.87] start /etc/init.d/S14migrate
[       12.16] start /etc/init.d/S16modprobe
[       12.33] start /etc/init.d/S20urandom
[       12.36] start /etc/init.d/S24lircdmod
[       12.38] start /etc/init.d/S25hyperion
[       12.40] start /etc/init.d/S25lircd
[       12.42] start /etc/init.d/S26recalboxsystem
[       12.84] start /etc/init.d/S31emulationstation
[       12.89] start /etc/init.d/S31sixad
[       12.93] start /etc/init.d/S32bluetooth
[       12.99] start /etc/init.d/S35securepasswd
[       14.78] start /etc/init.d/S49ntp
[       14.86] start /etc/init.d/S50avahi-daemon
[       14.93] start /etc/init.d/S50dropbear
[       14.98] start /etc/init.d/S91smb
[       15.68] start /etc/init.d/S92steamcontroller
[       15.70] start /etc/init.d/S92switch
[       15.77] start /etc/init.d/S92virtualgamepads
[       15.83] start /etc/init.d/S94manager
[       15.91] start /etc/init.d/S98cleanup
[       15.93] start /etc/init.d/S99custom
[     4038.01] stop /etc/init.d/S99custom
[     4038.03] stop /etc/init.d/S98cleanup
[     4038.05] stop /etc/init.d/S94manager
[     4038.11] stop /etc/init.d/S92virtualgamepads
[     4038.15] stop /etc/init.d/S92switch
[     4038.21] stop /etc/init.d/S92steamcontroller
[     4038.22] stop /etc/init.d/S91smb
[     4038.29] stop /etc/init.d/S50dropbear
[     4038.32] stop /etc/init.d/S50avahi-daemon
[     4038.44] stop /etc/init.d/S49ntp
[     4038.46] stop /etc/init.d/S35securepasswd
[     4038.47] stop /etc/init.d/S32bluetooth
[     4038.51] stop /etc/init.d/S31sixad
[     4038.54] stop /etc/init.d/S31emulationstation
[     4038.58] stop /etc/init.d/S26recalboxsystem
[     4038.60] stop /etc/init.d/S25lircd
[     4038.62] stop /etc/init.d/S25hyperion
[     4038.64] stop /etc/init.d/S24lircdmod
[     4038.65] stop /etc/init.d/S20urandom
[     4038.66] stop /etc/init.d/S16modprobe
[     4038.68] stop /etc/init.d/S14migrate
[     4038.69] stop /etc/init.d/S13hardware
[     4038.70] stop /etc/init.d/S13fbcp
[     4038.73] stop /etc/init.d/S12populateshare
[     4038.74] stop /etc/init.d/S11upgrade
[     4038.75] stop /etc/init.d/S11share
[     4038.86] stop /etc/init.d/S10dhcpcd
[     4038.88] stop /etc/init.d/S09wifi
[     4039.44] stop /etc/init.d/S07network
[     4039.48] stop /etc/init.d/S06dbus
[     4039.51] stop /etc/init.d/S05udev
[     4039.54] stop /etc/init.d/S03splash
[     4039.55] stop /etc/init.d/S02hardware
[     4039.56] stop /etc/init.d/S01populate
[     4039.56] stop /etc/init.d/S01mountboot
[     4039.63] stop /etc/init.d/S01logging
[     4039.65] stop /etc/init.d/S01date
[     4039.66] stop /etc/init.d/S01allstopped
[        1.39] start /etc/init.d/S01allstopped
[        1.40] start /etc/init.d/S01date
[        1.41] start /etc/init.d/S01logging
[        1.44] start /etc/init.d/S01mountboot
[        1.50] start /etc/init.d/S01populate
[        1.53] start /etc/init.d/S02hardware
[        1.77] start /etc/init.d/S03splash
[        1.80] start /etc/init.d/S05udev
[        2.89] start /etc/init.d/S06dbus
[        3.04] start /etc/init.d/S07network
[        3.11] start /etc/init.d/S09wifi
[        3.21] start /etc/init.d/S10dhcpcd
[        3.47] start /etc/init.d/S11share
[       10.90] start /etc/init.d/S11upgrade
[       10.93] start /etc/init.d/S12populateshare
[       11.76] start /etc/init.d/S13fbcp
[       11.80] start /etc/init.d/S13hardware
[       11.88] start /etc/init.d/S14migrate
[       12.17] start /etc/init.d/S16modprobe
[       12.35] start /etc/init.d/S20urandom
[       12.37] start /etc/init.d/S24lircdmod
[       12.39] start /etc/init.d/S25hyperion
[       12.42] start /etc/init.d/S25lircd
[       12.44] start /etc/init.d/S26recalboxsystem
[       12.87] start /etc/init.d/S31emulationstation
[       12.92] start /etc/init.d/S31sixad
[       12.97] start /etc/init.d/S32bluetooth
[       13.03] start /etc/init.d/S35securepasswd
[       14.65] start /etc/init.d/S49ntp
[       14.74] start /etc/init.d/S50avahi-daemon
[       14.81] start /etc/init.d/S50dropbear
[       14.87] start /etc/init.d/S91smb
[       15.68] start /etc/init.d/S92steamcontroller
[       15.71] start /etc/init.d/S92switch
[       15.80] start /etc/init.d/S92virtualgamepads
[       15.88] start /etc/init.d/S94manager
[       15.96] start /etc/init.d/S98cleanup
[       15.97] start /etc/init.d/S99custom
[     3873.30] stop /etc/init.d/S99custom
[     3873.32] stop /etc/init.d/S98cleanup
[     3873.34] stop /etc/init.d/S94manager
[     3873.40] stop /etc/init.d/S92virtualgamepads
[     3873.45] stop /etc/init.d/S92switch
[     3873.51] stop /etc/init.d/S92steamcontroller
[     3873.52] stop /etc/init.d/S91smb
[     3873.59] stop /etc/init.d/S50dropbear
[     3873.61] stop /etc/init.d/S50avahi-daemon
[     3873.74] stop /etc/init.d/S49ntp
[     3873.76] stop /etc/init.d/S35securepasswd
[     3873.77] stop /etc/init.d/S32bluetooth
[     3873.81] stop /etc/init.d/S31sixad
[     3873.84] stop /etc/init.d/S31emulationstation
[     3873.88] stop /etc/init.d/S26recalboxsystem
[     3873.90] stop /etc/init.d/S25lircd
[     3873.91] stop /etc/init.d/S25hyperion
[     3873.93] stop /etc/init.d/S24lircdmod
[     3873.95] stop /etc/init.d/S20urandom
[     3873.96] stop /etc/init.d/S16modprobe
[     3873.97] stop /etc/init.d/S14migrate
[     3873.99] stop /etc/init.d/S13hardware
[     3874.00] stop /etc/init.d/S13fbcp
[     3874.02] stop /etc/init.d/S12populateshare
[     3874.03] stop /etc/init.d/S11upgrade
[     3874.05] stop /etc/init.d/S11share
[     3874.14] stop /etc/init.d/S10dhcpcd
[     3874.16] stop /etc/init.d/S09wifi
[     3874.71] stop /etc/init.d/S07network
[     3874.76] stop /etc/init.d/S06dbus
[     3874.78] stop /etc/init.d/S05udev
[     3874.81] stop /etc/init.d/S03splash
[     3874.82] stop /etc/init.d/S02hardware
[     3874.83] stop /etc/init.d/S01populate
[     3874.84] stop /etc/init.d/S01mountboot
[     3874.89] stop /etc/init.d/S01logging
[     3874.91] stop /etc/init.d/S01date
[     3874.92] stop /etc/init.d/S01allstopped
[        1.39] start /etc/init.d/S01allstopped
[        1.40] start /etc/init.d/S01date
[        1.42] start /etc/init.d/S01logging
[        1.44] start /etc/init.d/S01mountboot
[        1.51] start /etc/init.d/S01populate
[        1.54] start /etc/init.d/S02hardware
[        1.78] start /etc/init.d/S03splash
[        1.81] start /etc/init.d/S05udev
[        2.93] start /etc/init.d/S06dbus
[        3.08] start /etc/init.d/S07network
[        3.18] start /etc/init.d/S09wifi
[        3.27] start /etc/init.d/S10dhcpcd
[        3.45] start /etc/init.d/S11share
[       10.86] start /etc/init.d/S11upgrade
[       10.88] start /etc/init.d/S12populateshare
[       11.65] start /etc/init.d/S13fbcp
[       11.69] start /etc/init.d/S13hardware
[       11.76] start /etc/init.d/S14migrate
[       12.04] start /etc/init.d/S16modprobe
[       12.19] start /etc/init.d/S20urandom
[       12.21] start /etc/init.d/S24lircdmod
[       12.23] start /etc/init.d/S25hyperion
[       12.25] start /etc/init.d/S25lircd
[       12.28] start /etc/init.d/S26recalboxsystem
[       12.62] start /etc/init.d/S31emulationstation
[       12.67] start /etc/init.d/S31sixad
[       12.70] start /etc/init.d/S32bluetooth
[       12.76] start /etc/init.d/S35securepasswd
[       14.37] start /etc/init.d/S49ntp
[       14.46] start /etc/init.d/S50avahi-daemon
[       14.52] start /etc/init.d/S50dropbear
[       14.58] start /etc/init.d/S91smb
[       15.25] start /etc/init.d/S92steamcontroller
[       15.28] start /etc/init.d/S92switch
[       15.34] start /etc/init.d/S92virtualgamepads
[       15.39] start /etc/init.d/S94manager
[       15.45] start /etc/init.d/S98cleanup
[       15.47] start /etc/init.d/S99custom
[     9110.69] stop /etc/init.d/S99custom
[     9110.70] stop /etc/init.d/S98cleanup
[     9110.73] stop /etc/init.d/S94manager
[     9110.80] stop /etc/init.d/S92virtualgamepads
[     9110.84] stop /etc/init.d/S92switch
[     9110.89] stop /etc/init.d/S92steamcontroller
[     9110.91] stop /etc/init.d/S91smb
[     9110.98] stop /etc/init.d/S50dropbear
[     9111.00] stop /etc/init.d/S50avahi-daemon
[     9111.12] stop /etc/init.d/S49ntp
[     9111.14] stop /etc/init.d/S35securepasswd
[     9111.15] stop /etc/init.d/S32bluetooth
[     9111.19] stop /etc/init.d/S31sixad
[     9111.22] stop /etc/init.d/S31emulationstation
[     9111.28] stop /etc/init.d/S26recalboxsystem
[     9111.30] stop /etc/init.d/S25lircd
[     9111.31] stop /etc/init.d/S25hyperion
[     9111.33] stop /etc/init.d/S24lircdmod
[     9111.35] stop /etc/init.d/S20urandom
[     9111.36] stop /etc/init.d/S16modprobe
[     9111.37] stop /etc/init.d/S14migrate
[     9111.39] stop /etc/init.d/S13hardware
[     9111.40] stop /etc/init.d/S13fbcp
[     9111.42] stop /etc/init.d/S12populateshare
[     9111.44] stop /etc/init.d/S11upgrade
[     9111.45] stop /etc/init.d/S11share
[     9111.54] stop /etc/init.d/S10dhcpcd
[     9111.55] stop /etc/init.d/S09wifi
[     9112.10] stop /etc/init.d/S07network
[     9112.15] stop /etc/init.d/S06dbus
[     9112.17] stop /etc/init.d/S05udev
[     9112.21] stop /etc/init.d/S03splash
[     9112.22] stop /etc/init.d/S02hardware
[     9112.23] stop /etc/init.d/S01populate
[     9112.24] stop /etc/init.d/S01mountboot
[     9112.31] stop /etc/init.d/S01logging
[     9112.33] stop /etc/init.d/S01date
[     9112.34] stop /etc/init.d/S01allstopped
[        1.38] start /etc/init.d/S01allstopped
[        1.39] start /etc/init.d/S01date
[        1.41] start /etc/init.d/S01logging
[        1.43] start /etc/init.d/S01mountboot
[        1.49] start /etc/init.d/S01populate
[        1.53] start /etc/init.d/S02hardware
[        1.76] start /etc/init.d/S03splash
[        1.79] start /etc/init.d/S05udev
[        2.90] start /etc/init.d/S06dbus
[        3.06] start /etc/init.d/S07network
[        3.15] start /etc/init.d/S09wifi
[        3.24] start /etc/init.d/S10dhcpcd
[        3.44] start /etc/init.d/S11share
[       10.98] start /etc/init.d/S11upgrade
[       11.01] start /etc/init.d/S12populateshare
[       11.83] start /etc/init.d/S13fbcp
[       11.87] start /etc/init.d/S13hardware
[       11.95] start /etc/init.d/S14migrate
[       13.60] start /etc/init.d/S16modprobe
[       15.34] start /etc/init.d/S20urandom
[       15.37] start /etc/init.d/S24lircdmod
[       15.38] start /etc/init.d/S25hyperion
[       15.41] start /etc/init.d/S25lircd
[       15.43] start /etc/init.d/S26recalboxsystem
[       15.91] start /etc/init.d/S31emulationstation
[       15.96] start /etc/init.d/S31sixad
[       16.00] start /etc/init.d/S32bluetooth
[       16.18] start /etc/init.d/S35securepasswd
[       18.07] start /etc/init.d/S49ntp
[       18.15] start /etc/init.d/S50avahi-daemon
[       18.22] start /etc/init.d/S50dropbear
[       18.28] start /etc/init.d/S91smb
[       18.95] start /etc/init.d/S92steamcontroller
[       18.97] start /etc/init.d/S92switch
[       19.03] start /etc/init.d/S92virtualgamepads
[       19.08] start /etc/init.d/S94manager
[       19.14] start /etc/init.d/S98cleanup
[       19.16] start /etc/init.d/S99custom
[      214.32] stop /etc/init.d/S99custom
[      214.33] stop /etc/init.d/S98cleanup
[      214.36] stop /etc/init.d/S94manager
[      214.42] stop /etc/init.d/S92virtualgamepads
[      214.47] stop /etc/init.d/S92switch
[      214.53] stop /etc/init.d/S92steamcontroller
[      214.54] stop /etc/init.d/S91smb
[      214.61] stop /etc/init.d/S50dropbear
[      214.64] stop /etc/init.d/S50avahi-daemon
[      214.76] stop /etc/init.d/S49ntp
[      214.77] stop /etc/init.d/S35securepasswd
[      214.79] stop /etc/init.d/S32bluetooth
[      214.82] stop /etc/init.d/S31sixad
[      214.85] stop /etc/init.d/S31emulationstation
[      214.90] stop /etc/init.d/S26recalboxsystem
[      214.91] stop /etc/init.d/S25lircd
[      214.93] stop /etc/init.d/S25hyperion
[      214.95] stop /etc/init.d/S24lircdmod
[      214.96] stop /etc/init.d/S20urandom
[      214.98] stop /etc/init.d/S16modprobe
[      214.99] stop /etc/init.d/S14migrate
[      215.00] stop /etc/init.d/S13hardware
[      215.02] stop /etc/init.d/S13fbcp
[      215.04] stop /etc/init.d/S12populateshare
[      215.05] stop /etc/init.d/S11upgrade
[      215.06] stop /etc/init.d/S11share
[      215.17] stop /etc/init.d/S10dhcpcd
[      215.18] stop /etc/init.d/S09wifi
[      215.73] stop /etc/init.d/S07network
[      215.78] stop /etc/init.d/S06dbus
[      215.80] stop /etc/init.d/S05udev
[      215.83] stop /etc/init.d/S03splash
[      215.84] stop /etc/init.d/S02hardware
[      215.85] stop /etc/init.d/S01populate
[      215.86] stop /etc/init.d/S01mountboot
[      215.91] stop /etc/init.d/S01logging
[      215.93] stop /etc/init.d/S01date
[      215.94] stop /etc/init.d/S01allstopped
[        1.39] start /etc/init.d/S01allstopped
[        1.40] start /etc/init.d/S01date
[        1.42] start /etc/init.d/S01logging
[        1.44] start /etc/init.d/S01mountboot
[        1.50] start /etc/init.d/S01populate
[        1.54] start /etc/init.d/S02hardware
[        1.78] start /etc/init.d/S03splash
[        1.81] start /etc/init.d/S05udev
[        2.91] start /etc/init.d/S06dbus
[        3.06] start /etc/init.d/S07network
[        3.14] start /etc/init.d/S09wifi
[        3.26] start /etc/init.d/S10dhcpcd
[        3.46] start /etc/init.d/S11share
[       10.89] start /etc/init.d/S11upgrade
[       10.91] start /etc/init.d/S12populateshare
[       11.72] start /etc/init.d/S13fbcp
[       11.76] start /etc/init.d/S13hardware
[       11.83] start /etc/init.d/S14migrate
[       12.11] start /etc/init.d/S16modprobe
[       12.27] start /etc/init.d/S20urandom
[       12.29] start /etc/init.d/S24lircdmod
[       12.31] start /etc/init.d/S25hyperion
[       12.34] start /etc/init.d/S25lircd
[       12.36] start /etc/init.d/S26recalboxsystem
[       12.71] start /etc/init.d/S31emulationstation
[       12.76] start /etc/init.d/S31sixad
[       12.79] start /etc/init.d/S32bluetooth
[       12.85] start /etc/init.d/S35securepasswd
[       14.48] start /etc/init.d/S49ntp
[       14.56] start /etc/init.d/S50avahi-daemon
[       14.62] start /etc/init.d/S50dropbear
[       14.68] start /etc/init.d/S91smb
[       15.38] start /etc/init.d/S92steamcontroller
[       15.41] start /etc/init.d/S92switch
[       15.48] start /etc/init.d/S92virtualgamepads
[       15.54] start /etc/init.d/S94manager
[       15.60] start /etc/init.d/S98cleanup
[       15.62] start /etc/init.d/S99custom
[    12195.93] stop /etc/init.d/S99custom
[    12195.94] stop /etc/init.d/S98cleanup
[    12195.98] stop /etc/init.d/S94manager
[    12196.05] stop /etc/init.d/S92virtualgamepads
[    12196.10] stop /etc/init.d/S92switch
[    12196.15] stop /etc/init.d/S92steamcontroller
[    12196.17] stop /etc/init.d/S91smb
[    12196.26] stop /etc/init.d/S50dropbear
[    12196.30] stop /etc/init.d/S50avahi-daemon
[    12196.47] stop /etc/init.d/S49ntp
[    12196.50] stop /etc/init.d/S35securepasswd
[    12196.52] stop /etc/init.d/S32bluetooth
[    12196.66] stop /etc/init.d/S31sixad
[    12196.72] stop /etc/init.d/S31emulationstation
[    12196.79] stop /etc/init.d/S26recalboxsystem
[    12196.82] stop /etc/init.d/S25lircd
[    12196.84] stop /etc/init.d/S25hyperion
[    12196.88] stop /etc/init.d/S24lircdmod
[    12196.90] stop /etc/init.d/S20urandom
[    12196.92] stop /etc/init.d/S16modprobe
[    12196.94] stop /etc/init.d/S14migrate
[    12196.95] stop /etc/init.d/S13hardware
[    12196.97] stop /etc/init.d/S13fbcp
[    12197.00] stop /etc/init.d/S12populateshare
[    12197.01] stop /etc/init.d/S11upgrade
[    12197.03] stop /etc/init.d/S11share
[    12197.16] stop /etc/init.d/S10dhcpcd
[    12197.18] stop /etc/init.d/S09wifi
[    12197.74] stop /etc/init.d/S07network
[    12197.79] stop /etc/init.d/S06dbus
[    12197.82] stop /etc/init.d/S05udev
[    12197.90] stop /etc/init.d/S03splash
[    12197.91] stop /etc/init.d/S02hardware
[    12197.92] stop /etc/init.d/S01populate
[    12197.93] stop /etc/init.d/S01mountboot
[    12198.01] stop /etc/init.d/S01logging
[    12198.03] stop /etc/init.d/S01date
[    12198.05] stop /etc/init.d/S01allstopped
[        1.36] start /etc/init.d/S01allstopped
[        1.37] start /etc/init.d/S01date
[        1.39] start /etc/init.d/S01logging
[        1.41] start /etc/init.d/S01mountboot
[        1.47] start /etc/init.d/S01populate
[        1.51] start /etc/init.d/S02hardware
[        1.74] start /etc/init.d/S03splash
[        1.77] start /etc/init.d/S05udev
[        2.86] start /etc/init.d/S06dbus
[        3.01] start /etc/init.d/S07network
[        3.09] start /etc/init.d/S09wifi
[        3.18] start /etc/init.d/S10dhcpcd
[        3.40] start /etc/init.d/S11share
[       10.81] start /etc/init.d/S11upgrade
[       10.83] start /etc/init.d/S12populateshare
[       11.63] start /etc/init.d/S13fbcp
[       11.67] start /etc/init.d/S13hardware
[       11.74] start /etc/init.d/S14migrate
[       12.02] start /etc/init.d/S16modprobe
[       12.20] start /etc/init.d/S20urandom
[       12.23] start /etc/init.d/S24lircdmod
[       12.25] start /etc/init.d/S25hyperion
[       12.27] start /etc/init.d/S25lircd
[       12.29] start /etc/init.d/S26recalboxsystem
[       12.67] start /etc/init.d/S31emulationstation
[       12.73] start /etc/init.d/S31sixad
[       12.77] start /etc/init.d/S32bluetooth
[       12.83] start /etc/init.d/S35securepasswd
[       14.45] start /etc/init.d/S49ntp
[       14.53] start /etc/init.d/S50avahi-daemon
[       14.59] start /etc/init.d/S50dropbear
[       14.65] start /etc/init.d/S91smb
[       15.33] start /etc/init.d/S92steamcontroller
[       15.36] start /etc/init.d/S92switch
[       15.43] start /etc/init.d/S92virtualgamepads
[       15.49] start /etc/init.d/S94manager
[       15.55] start /etc/init.d/S98cleanup
[       15.56] start /etc/init.d/S99custom
[       67.65] stop /etc/init.d/S99custom
[       67.66] stop /etc/init.d/S98cleanup
[       67.68] stop /etc/init.d/S94manager
[       67.75] stop /etc/init.d/S92virtualgamepads
[       67.79] stop /etc/init.d/S92switch
[       67.84] stop /etc/init.d/S92steamcontroller
[       67.85] stop /etc/init.d/S91smb
[       67.92] stop /etc/init.d/S50dropbear
[       67.95] stop /etc/init.d/S50avahi-daemon
[       68.07] stop /etc/init.d/S49ntp
[       68.09] stop /etc/init.d/S35securepasswd
[       68.10] stop /etc/init.d/S32bluetooth
[       68.14] stop /etc/init.d/S31sixad
[       68.17] stop /etc/init.d/S31emulationstation
[       68.20] stop /etc/init.d/S26recalboxsystem
[       68.22] stop /etc/init.d/S25lircd
[       68.24] stop /etc/init.d/S25hyperion
[       68.26] stop /etc/init.d/S24lircdmod
[       68.27] stop /etc/init.d/S20urandom
[       68.29] stop /etc/init.d/S16modprobe
[       68.30] stop /etc/init.d/S14migrate
[       68.31] stop /etc/init.d/S13hardware
[       68.33] stop /etc/init.d/S13fbcp
[       68.35] stop /etc/init.d/S12populateshare
[       68.37] stop /etc/init.d/S11upgrade
[       68.38] stop /etc/init.d/S11share
[       68.48] stop /etc/init.d/S10dhcpcd
[       68.50] stop /etc/init.d/S09wifi
[       69.05] stop /etc/init.d/S07network
[       69.10] stop /etc/init.d/S06dbus
[       69.12] stop /etc/init.d/S05udev
[       69.15] stop /etc/init.d/S03splash
[       69.16] stop /etc/init.d/S02hardware
[       69.17] stop /etc/init.d/S01populate
[       69.18] stop /etc/init.d/S01mountboot
[       69.24] stop /etc/init.d/S01logging
[       69.26] stop /etc/init.d/S01date
[       69.27] stop /etc/init.d/S01allstopped
[        1.42] start /etc/init.d/S01allstopped
[        1.43] start /etc/init.d/S01date
[        1.45] start /etc/init.d/S01logging
[        1.47] start /etc/init.d/S01mountboot
[        1.54] start /etc/init.d/S01populate
[        1.58] start /etc/init.d/S02hardware
[        1.81] start /etc/init.d/S03splash
[        1.85] start /etc/init.d/S05udev
[        2.95] start /etc/init.d/S06dbus
[        3.08] start /etc/init.d/S07network
[        3.16] start /etc/init.d/S09wifi
[        3.27] start /etc/init.d/S10dhcpcd
[        3.49] start /etc/init.d/S11share
[       10.92] start /etc/init.d/S11upgrade
[       10.94] start /etc/init.d/S12populateshare
[       11.81] start /etc/init.d/S13fbcp
[       11.85] start /etc/init.d/S13hardware
[       11.93] start /etc/init.d/S14migrate
[       12.24] start /etc/init.d/S16modprobe
[       12.42] start /etc/init.d/S20urandom
[       12.45] start /etc/init.d/S24lircdmod
[       12.47] start /etc/init.d/S25hyperion
[       12.49] start /etc/init.d/S25lircd
[       12.52] start /etc/init.d/S26recalboxsystem
[       12.97] start /etc/init.d/S31emulationstation
[       13.03] start /etc/init.d/S31sixad
[       13.07] start /etc/init.d/S32bluetooth
[       13.14] start /etc/init.d/S35securepasswd
[       14.74] start /etc/init.d/S49ntp
[       14.83] start /etc/init.d/S50avahi-daemon
[       14.90] start /etc/init.d/S50dropbear
[       14.97] start /etc/init.d/S91smb
[       15.71] start /etc/init.d/S92steamcontroller
[       15.74] start /etc/init.d/S92switch
[       15.82] start /etc/init.d/S92virtualgamepads
[       15.88] start /etc/init.d/S94manager
[       15.95] start /etc/init.d/S98cleanup
[       15.97] start /etc/init.d/S99custom
