02:00:55.740 T:1925512704  NOTICE: special://profile/ is mapped to: special://masterprofile/
02:00:55.740 T:1925512704  NOTICE: -----------------------------------------------------------------------
02:00:55.740 T:1925512704  NOTICE: Starting Kodi (17.6 Git:20191113-nogitfound). Platform: Linux ARM 32-bit
02:00:55.740 T:1925512704  NOTICE: Using Release Kodi x32 build (version for Raspberry Pi)
02:00:55.740 T:1925512704  NOTICE: Kodi compiled Nov 13 2019 by GCC 7.3.0 for Linux ARM 32-bit version 4.14.62 (265790)
02:00:55.740 T:1925512704  NOTICE: Running on Buildroot 2018.02.3, kernel: Linux ARM 32-bit version 4.14.62-v7
02:00:55.740 T:1925512704  NOTICE: FFmpeg version/source: 3.3.5
02:00:55.740 T:1925512704  NOTICE: Host CPU: ARMv7 Processor rev 4 (v7l), 4 cores available
02:00:55.740 T:1925512704  NOTICE: ARM Features: Neon enabled
02:00:55.740 T:1925512704  NOTICE: special://xbmc/ is mapped to: /usr/share/kodi
02:00:55.740 T:1925512704  NOTICE: special://xbmcbin/ is mapped to: /usr/lib/kodi
02:00:55.741 T:1925512704  NOTICE: special://xbmcbinaddons/ is mapped to: /usr/lib/kodi/addons
02:00:55.741 T:1925512704  NOTICE: special://masterprofile/ is mapped to: /recalbox/share/system/.kodi/userdata
02:00:55.741 T:1925512704  NOTICE: special://envhome/ is mapped to: /recalbox/share/system
02:00:55.741 T:1925512704  NOTICE: special://home/ is mapped to: /recalbox/share/system/.kodi
02:00:55.741 T:1925512704  NOTICE: special://temp/ is mapped to: /recalbox/share/system/.kodi/temp
02:00:55.741 T:1925512704  NOTICE: special://logpath/ is mapped to: /recalbox/share/system/.kodi/temp
02:00:55.741 T:1925512704  NOTICE: The executable running is: /usr/lib/kodi/kodi.bin
02:00:55.741 T:1925512704  NOTICE: Local hostname: RECALBOX
02:00:55.741 T:1925512704  NOTICE: Log File is located: /recalbox/share/system/.kodi/temp//kodi.log
02:00:55.747 T:1925512704  NOTICE: -----------------------------------------------------------------------
02:00:55.809 T:1925512704  NOTICE: load settings...
02:00:55.899 T:1925512704  NOTICE: Found 2 Lists of Devices
02:00:55.899 T:1925512704  NOTICE: Enumerated PI devices:
02:00:55.899 T:1925512704  NOTICE:     Device 1
02:00:55.900 T:1925512704  NOTICE:         m_deviceName      : HDMI
02:00:55.900 T:1925512704  NOTICE:         m_displayName     : HDMI
02:00:55.900 T:1925512704  NOTICE:         m_displayNameExtra:
02:00:55.900 T:1925512704  NOTICE:         m_deviceType      : AE_DEVTYPE_HDMI
02:00:55.900 T:1925512704  NOTICE:         m_channels        : FL,FR
02:00:55.900 T:1925512704  NOTICE:         m_sampleRates     : 8000,11025,16000,22050,24000,32000,44100,48000,88200,96000,176400,192000
02:00:55.900 T:1925512704  NOTICE:         m_dataFormats     : AE_FMT_FLOAT,AE_FMT_S32NE,AE_FMT_S16NE,AE_FMT_S32LE,AE_FMT_S16LE,AE_FMT_FLOATP,AE_FMT_S32NEP,AE_FMT_S16NEP,AE_FMT_RAW
02:00:55.900 T:1925512704  NOTICE:         m_streamTypes     : STREAM_TYPE_AC3,STREAM_TYPE_EAC3,STREAM_TYPE_DTSHD_CORE,STREAM_TYPE_DTS_2048,STREAM_TYPE_DTS_1024,STREAM_TYPE_DTS_512
02:00:55.900 T:1925512704  NOTICE:     Device 2
02:00:55.900 T:1925512704  NOTICE:         m_deviceName      : Analogue
02:00:55.900 T:1925512704  NOTICE:         m_displayName     : Analogue
02:00:55.900 T:1925512704  NOTICE:         m_displayNameExtra:
02:00:55.900 T:1925512704  NOTICE:         m_deviceType      : AE_DEVTYPE_PCM
02:00:55.900 T:1925512704  NOTICE:         m_channels        : FL,FR
02:00:55.900 T:1925512704  NOTICE:         m_sampleRates     : 48000
02:00:55.900 T:1925512704  NOTICE:         m_dataFormats     : AE_FMT_FLOAT,AE_FMT_S32LE,AE_FMT_S16LE,AE_FMT_FLOATP,AE_FMT_S32NEP,AE_FMT_S16NEP
02:00:55.900 T:1925512704  NOTICE:         m_streamTypes     : No passthrough capabilities
02:00:55.900 T:1925512704  NOTICE:     Device 3
02:00:55.901 T:1925512704  NOTICE:         m_deviceName      : Both
02:00:55.901 T:1925512704  NOTICE:         m_displayName     : HDMI and Analogue
02:00:55.901 T:1925512704  NOTICE:         m_displayNameExtra:
02:00:55.901 T:1925512704  NOTICE:         m_deviceType      : AE_DEVTYPE_PCM
02:00:55.901 T:1925512704  NOTICE:         m_channels        : FL,FR
02:00:55.901 T:1925512704  NOTICE:         m_sampleRates     : 48000
02:00:55.901 T:1925512704  NOTICE:         m_dataFormats     : AE_FMT_FLOAT,AE_FMT_S32LE,AE_FMT_S16LE,AE_FMT_FLOATP,AE_FMT_S32NEP,AE_FMT_S16NEP
02:00:55.901 T:1925512704  NOTICE:         m_streamTypes     : No passthrough capabilities
02:00:55.901 T:1925512704  NOTICE: Enumerated ALSA devices:
02:00:55.901 T:1925512704  NOTICE:     Device 1
02:00:55.901 T:1925512704  NOTICE:         m_deviceName      : @
02:00:55.901 T:1925512704  NOTICE:         m_displayName     : Default (bcm2835 ALSA bcm2835 ALSA)
02:00:55.901 T:1925512704  NOTICE:         m_displayNameExtra:
02:00:55.901 T:1925512704  NOTICE:         m_deviceType      : AE_DEVTYPE_PCM
02:00:55.901 T:1925512704  NOTICE:         m_channels        : FL,FR
02:00:55.901 T:1925512704  NOTICE:         m_sampleRates     : 8000,11025,16000,22050,32000,44100,48000
02:00:55.901 T:1925512704  NOTICE:         m_dataFormats     : AE_FMT_S16NE,AE_FMT_S16LE,AE_FMT_U8
02:00:55.901 T:1925512704  NOTICE:         m_streamTypes     : No passthrough capabilities
02:00:55.914 T:1925512704 WARNING: CViewStateSettings: no <viewstates> tag found
02:00:55.914 T:1925512704   ERROR: CDisplaySettings: settings file doesn't contain <resolutions>
02:00:55.914 T:1925512704  NOTICE: No settings file to load (special://xbmc/system/advancedsettings.xml)
02:00:55.915 T:1925512704  NOTICE: Loaded settings file from special://profile/advancedsettings.xml
02:00:55.916 T:1925512704  NOTICE: Contents of special://profile/advancedsettings.xml are...
                                            <advancedsettings>
                                              <services>
                                                <webserver>true</webserver>
                                                <webserverport>8081</webserverport>
                                              </services>
                                            </advancedsettings>
02:00:55.916 T:1925512704  NOTICE: Default Video Player: VideoPlayer
02:00:55.916 T:1925512704  NOTICE: Default Audio Player: paplayer
02:00:55.916 T:1925512704  NOTICE: Disabled debug logging due to GUI setting. Level 0.
02:00:55.916 T:1925512704  NOTICE: Log level changed to "LOG_LEVEL_NORMAL"
02:00:55.916 T:1925512704  NOTICE: Loading player core factory settings from special://xbmc/system/playercorefactory.xml.
02:00:55.918 T:1925512704  NOTICE: Loaded playercorefactory configuration
02:00:55.918 T:1925512704  NOTICE: Loading player core factory settings from special://masterprofile/playercorefactory.xml.
02:00:55.918 T:1925512704  NOTICE: special://masterprofile/playercorefactory.xml does not exist. Skipping.
02:00:55.920 T:1925512704   ERROR: CSettings: unable to load settings from special://masterprofile/guisettings.xml, creating new default settings
02:00:55.933 T:1925512704  NOTICE: No settings file to load (special://xbmc/system/advancedsettings.xml)
02:00:55.933 T:1925512704  NOTICE: Loaded settings file from special://profile/advancedsettings.xml
02:00:55.934 T:1925512704  NOTICE: Contents of special://profile/advancedsettings.xml are...
                                            <advancedsettings>
                                              <services>
                                                <webserver>true</webserver>
                                                <webserverport>8081</webserverport>
                                              </services>
                                            </advancedsettings>
02:00:55.934 T:1925512704  NOTICE: Default Video Player: VideoPlayer
02:00:55.934 T:1925512704  NOTICE: Default Audio Player: paplayer
02:00:55.934 T:1925512704  NOTICE: Disabled debug logging due to GUI setting. Level 0.
02:00:55.934 T:1925512704  NOTICE: Log level changed to "LOG_LEVEL_NORMAL"
02:00:55.934 T:1925512704  NOTICE: Loading player core factory settings from special://xbmc/system/playercorefactory.xml.
02:00:55.935 T:1925512704  NOTICE: Loaded playercorefactory configuration
02:00:55.935 T:1925512704  NOTICE: Loading player core factory settings from special://masterprofile/playercorefactory.xml.
02:00:55.935 T:1925512704  NOTICE: special://masterprofile/playercorefactory.xml does not exist. Skipping.
02:00:56.356 T:1925512704  NOTICE: ADDONS: Using repository repository.xbmc.org
02:00:56.445 T:1925512704  NOTICE: Raspberry PI firmware version: Mar 27 2019 15:45:53 
                                            Copyright (c) 2012 Broadcom
                                            version 2e98b31d18547962e564bdf88e57b3df7085c29b (clean) (release) (start)
02:00:56.445 T:1925512704  NOTICE: ARM mem: 640MB GPU mem: 384MB MPG2:0 WVC1:0
02:00:56.445 T:1925512704  NOTICE: Config:
                                            aphy_params_current=819
                                            arm_freq=1200
                                            audio_pwm_mode=514
                                            boot_delay=3
                                            config_hdmi_boost=5
                                            core_freq=400
                                            desired_osc_freq=0x36ee80
                                            disable_commandline_tags=2
                                            disable_l2cache=1
                                            disable_splash=1
                                            display_hdmi_rotate=-1
                                            display_lcd_rotate=-1
                                            dphy_params_current=547
                                            force_eeprom_read=1
                                            force_pwm_open=1
                                            framebuffer_ignore_alpha=1
                                            framebuffer_swap=1
                                            gpu_freq=300
                                            hdmi_channel_map=8
                                            hdmi_force_cec_address=65535
                                            hdmi_force_hotplug=1
                                            init_uart_clock=0x2dc6c00
                                            lcd_framerate=60
                                            over_voltage_avs=0x10c8e
                                            pause_burst_frames=1
                                            program_serial_random=1
                                            sdram_freq=450
                                            temp_soft_limit=70
02:00:56.445 T:1925512704  NOTICE: Config:
                                            cec_osd_name=recalbox
                                            device_tree=-
                                            kernel=zImage
02:00:56.445 T:1925512704  NOTICE: InitWindowSystem: Using EGL Implementation: raspberrypi
02:00:56.447 T:1925512704  NOTICE: Found resolution 640 x 480 for display 0 with 640 x 480 @ 60.000000 Hz
02:00:56.447 T:1925512704  NOTICE: Found resolution 640 x 480 for display 0 with 640 x 480 @ 59.940063 Hz
02:00:56.447 T:1925512704  NOTICE: Found resolution 640 x 480 for display 0 with 640 x 480 @ 72.000000 Hz
02:00:56.447 T:1925512704  NOTICE: Found resolution 640 x 480 for display 0 with 640 x 480 @ 71.928070 Hz
02:00:56.447 T:1925512704  NOTICE: Found resolution 640 x 480 for display 0 with 640 x 480 @ 75.000000 Hz
02:00:56.447 T:1925512704  NOTICE: Found resolution 800 x 600 for display 0 with 800 x 600 @ 60.000000 Hz
02:00:56.447 T:1925512704  NOTICE: Found resolution 800 x 600 for display 0 with 800 x 600 @ 59.940063 Hz
02:00:56.447 T:1925512704  NOTICE: Found resolution 800 x 600 for display 0 with 800 x 600 @ 72.000000 Hz
02:00:56.447 T:1925512704  NOTICE: Found resolution 800 x 600 for display 0 with 800 x 600 @ 71.928070 Hz
02:00:56.447 T:1925512704  NOTICE: Found resolution 800 x 600 for display 0 with 800 x 600 @ 75.000000 Hz
02:00:56.447 T:1925512704  NOTICE: Found resolution 1024 x 768 for display 0 with 1024 x 768 @ 60.000000 Hz
02:00:56.447 T:1925512704  NOTICE: Found resolution 1024 x 768 for display 0 with 1024 x 768 @ 59.940063 Hz
02:00:56.447 T:1925512704  NOTICE: Found resolution 1024 x 768 for display 0 with 1024 x 768 @ 70.000000 Hz
02:00:56.447 T:1925512704  NOTICE: Found resolution 1024 x 768 for display 0 with 1024 x 768 @ 75.000000 Hz
02:00:56.447 T:1925512704  NOTICE: Found resolution 1152 x 864 for display 0 with 1152 x 864 @ 75.000000 Hz
02:00:56.448 T:1925512704  NOTICE: Found resolution 1280 x 800 for display 0 with 1280 x 800 @ 60.000000 Hz
02:00:56.448 T:1925512704  NOTICE: Found resolution 1280 x 800 for display 0 with 1280 x 800 @ 59.940063 Hz
02:00:56.448 T:1925512704  NOTICE: Found resolution 1280 x 1024 for display 0 with 1280 x 1024 @ 60.000000 Hz
02:00:56.448 T:1925512704  NOTICE: Found resolution 1280 x 1024 for display 0 with 1280 x 1024 @ 59.940063 Hz
02:00:56.448 T:1925512704  NOTICE: Found resolution 1280 x 1024 for display 0 with 1280 x 1024 @ 75.000000 Hz
02:00:56.448 T:1925512704  NOTICE: Found resolution 1440 x 900 for display 0 with 1440 x 900 @ 60.000000 Hz
02:00:56.448 T:1925512704  NOTICE: Found resolution 1440 x 900 for display 0 with 1440 x 900 @ 59.940063 Hz
02:00:56.448 T:1925512704  NOTICE: Found resolution 1680 x 1050 for display 0 with 1680 x 1050 @ 60.000000 Hz
02:00:56.448 T:1925512704  NOTICE: Found resolution 1680 x 1050 for display 0 with 1680 x 1050 @ 59.940063 Hz
02:00:56.448 T:1925512704  NOTICE: Found resolution 1366 x 768 for display 0 with 1366 x 768 @ 60.000000 Hz
02:00:56.448 T:1925512704  NOTICE: Found resolution 1366 x 768 for display 0 with 1366 x 768 @ 59.940063 Hz
02:00:56.448 T:1925512704  NOTICE: Found resolution 1600 x 900 for display 0 with 1600 x 900 @ 60.000000 Hz
02:00:56.448 T:1925512704  NOTICE: Found resolution 1600 x 900 for display 0 with 1600 x 900 @ 59.940063 Hz
02:00:56.448 T:1925512704  NOTICE: Found resolution 1280 x 720 for display 0 with 1280 x 720 @ 60.000000 Hz
02:00:56.448 T:1925512704  NOTICE: Found resolution 1280 x 720 for display 0 with 1280 x 720 @ 59.940063 Hz
02:00:56.448 T:1925512704  NOTICE: Found resolution 720 x 480 for display 0 with 720 x 480 @ 60.000000 Hz
02:00:56.448 T:1925512704  NOTICE: Found resolution 720 x 480 for display 0 with 720 x 480 @ 59.940063 Hz
02:00:56.448 T:1925512704  NOTICE: Found resolution 1920 x 1080 for display 0 with 1920 x 1080 @ 60.000000 Hz
02:00:56.448 T:1925512704  NOTICE: Found resolution 1920 x 1080 for display 0 with 1920 x 1080 @ 59.940063 Hz
02:00:56.448 T:1925512704  NOTICE: Found resolution 720 x 576 for display 0 with 720 x 576 @ 50.000000 Hz
02:00:56.448 T:1925512704  NOTICE: Found resolution 1280 x 720 for display 0 with 1280 x 720 @ 50.000000 Hz
02:00:56.448 T:1925512704  NOTICE: Found resolution 1920 x 1080 for display 0 with 1920 x 1080 @ 50.000000 Hz
02:00:56.448 T:1925512704  NOTICE: Found resolution 1920 x 1080 for display 0 with 1920 x 1080 @ 24.000000 Hz
02:00:56.448 T:1925512704  NOTICE: Found resolution 1920 x 1080 for display 0 with 1920 x 1080 @ 23.976025 Hz
02:00:56.448 T:1925512704  NOTICE: Found resolution 1920 x 1080 for display 0 with 1920 x 1080 @ 25.000000 Hz
02:00:56.448 T:1925512704  NOTICE: Found resolution 1920 x 1080 for display 0 with 1920 x 1080 @ 30.000000 Hz
02:00:56.448 T:1925512704  NOTICE: Found resolution 1920 x 1080 for display 0 with 1920 x 1080 @ 29.970032 Hz
02:00:56.448 T:1925512704  NOTICE: Found (1920x1080@60.000000) at 48, setting to RES_DESKTOP at 16
02:00:56.448 T:1925512704  NOTICE: Checking resolution 16
02:00:56.776 T:1925512704  NOTICE: GL_VENDOR = Broadcom
02:00:56.776 T:1925512704  NOTICE: GL_RENDERER = VideoCore IV HW
02:00:56.776 T:1925512704  NOTICE: GL_VERSION = OpenGL ES 2.0
02:00:56.776 T:1925512704  NOTICE: GL_SHADING_LANGUAGE_VERSION = OpenGL ES GLSL ES 1.00
02:00:56.776 T:1925512704  NOTICE: GL_EXTENSIONS = GL_OES_compressed_ETC1_RGB8_texture GL_OES_compressed_paletted_texture GL_OES_texture_npot GL_OES_depth24 GL_OES_vertex_half_float GL_OES_EGL_image GL_OES_EGL_image_external GL_EXT_discard_framebuffer GL_OES_rgb8_rgba8 GL_OES_depth32 GL_OES_mapbuffer GL_EXT_texture_format_BGRA8888 GL_APPLE_rgb_422 GL_EXT_debug_marker
02:00:57.408 T:1925512704   ERROR: Window Translator: Can't find window files
02:00:57.408 T:1925512704   ERROR: Window Translator: Can't find window musicfiles
02:00:57.408 T:1925512704   ERROR: Window Translator: Can't find window musiclibrary
02:00:57.409 T:1925512704   ERROR: Window Translator: Can't find window visualisationsettings
02:00:57.409 T:1925512704   ERROR: Window Translator: Can't find window guicalibration
02:00:57.410 T:1925512704   ERROR: Window Translator: Can't find window videolibrary
02:00:57.410 T:1925512704   ERROR: Window Translator: Can't find window videofiles
02:00:57.410 T:1925512704   ERROR: Window Translator: Can't find window scripts
02:00:57.411 T:1925512704   ERROR: Window Translator: Can't find window picturessettings
02:00:57.411 T:1925512704   ERROR: Window Translator: Can't find window programssettings
02:00:57.411 T:1925512704   ERROR: Window Translator: Can't find window weathersettings
02:00:57.411 T:1925512704   ERROR: Window Translator: Can't find window musicsettings
02:00:57.411 T:1925512704   ERROR: Window Translator: Can't find window videossettings
02:00:57.411 T:1925512704   ERROR: Window Translator: Can't find window networksettings
02:00:57.412 T:1925512704   ERROR: Window Translator: Can't find window tvsettings
02:00:57.417 T:1925512704   ERROR: Window Translator: Can't find window files
02:00:57.417 T:1925512704   ERROR: Window Translator: Can't find window musicfiles
02:00:57.417 T:1925512704   ERROR: Window Translator: Can't find window musiclibrary
02:00:57.418 T:1925512704   ERROR: Window Translator: Can't find window visualisationsettings
02:00:57.419 T:1925512704   ERROR: Window Translator: Can't find window guicalibration
02:00:57.419 T:1925512704   ERROR: Window Translator: Can't find window videolibrary
02:00:57.419 T:1925512704   ERROR: Window Translator: Can't find window videofiles
02:00:57.420 T:1925512704   ERROR: Window Translator: Can't find window scripts
02:00:57.420 T:1925512704   ERROR: Window Translator: Can't find window picturessettings
02:00:57.420 T:1925512704   ERROR: Window Translator: Can't find window programssettings
02:00:57.420 T:1925512704   ERROR: Window Translator: Can't find window weathersettings
02:00:57.420 T:1925512704   ERROR: Window Translator: Can't find window musicsettings
02:00:57.420 T:1925512704   ERROR: Window Translator: Can't find window videossettings
02:00:57.420 T:1925512704   ERROR: Window Translator: Can't find window networksettings
02:00:57.421 T:1925512704   ERROR: Window Translator: Can't find window tvsettings
02:00:57.903 T:1905259488  NOTICE: Running database version Addons27
02:00:57.919 T:1790870496  NOTICE: Register - new cec device registered on cec->RPI: CEC Adapter (2708:1001)
02:00:58.020 T:1782477792   ERROR: AddOnLog: Joystick Support: game.controller.default: button 10 (leftthumb) conflicts with button 10 (guide)
02:00:58.401 T:1782477792   ERROR: AddOnLog: Joystick Support: Device "Sony Interactive Entertainment Wireless Controller": can't find <controller> tag
02:00:58.441 T:1925512704  NOTICE: start dvd mediatype detection
02:00:58.497 T:1925512704 WARNING: CSkinInfo: failed to load skin settings
02:00:58.874 T:1925512704 WARNING: JSONRPC: Could not parse type "Setting.Details.SettingList"
02:00:58.955 T:1782477792  NOTICE: Register - new joystick device registered on addon->peripheral.joystick/0: Microntek              USB Joystick
02:00:59.119 T:1925512704  NOTICE: initialize done
02:00:59.120 T:1925512704  NOTICE: Running the application...
02:00:59.129 T:1925512704  NOTICE: starting zeroconf publishing
02:00:59.130 T:1925512704  NOTICE: CWebServer[8081]: Started
02:00:59.130 T:1925512704  NOTICE: starting upnp client
02:00:59.153 T:1716511712   ERROR: CCurlFile::FillBuffer - Failed: Error(6)
02:00:59.153 T:1716511712   ERROR: CCurlFile::Open failed with code 0 for http://mirrors.kodi.tv/addons/krypton/addons.xml.gz.md5
02:00:59.153 T:1716511712   ERROR: Open - failed to open source <http://mirrors.kodi.tv/addons/krypton/addons.xml.gz.md5>
02:00:59.153 T:1716511712   ERROR: CRepository: failed read 'http://mirrors.kodi.tv/addons/krypton/addons.xml.gz.md5'
02:00:59.174 T:1649370080  NOTICE: ES: Starting UDP Event server on port 9777
02:00:59.177 T:1649370080  NOTICE: UDP: Listening on port 9777 (ipv6 : false)
02:01:11.873 T:1925512704  NOTICE: Storing total System Uptime
02:01:11.873 T:1925512704  NOTICE: Saving settings
02:01:11.880 T:1925512704  NOTICE: Saving skin settings
02:01:11.881 T:1925512704  NOTICE: stop all
02:01:11.882 T:1925512704  NOTICE: stop player
02:01:11.882 T:1925512704  NOTICE: ES: Stopping event server
02:01:12.190 T:1649370080  NOTICE: ES: UDP Event server stopped
02:01:12.272 T:1925512704  NOTICE: stopping upnp
02:01:12.424 T:1925512704  NOTICE: stopping zeroconf publishing
02:01:12.429 T:1925512704  NOTICE: CWebServer[8081]: Stopped
02:01:12.429 T:1925512704  NOTICE: stop dvd detect media
02:01:13.550 T:1925512704  NOTICE: clean cached files!
02:01:13.687 T:1925512704  NOTICE: closing down remote control service
02:01:13.687 T:1925512704  NOTICE: stopped
02:01:13.888 T:1925512704  NOTICE: destroy
02:01:13.888 T:1925512704  NOTICE: unload skin
02:01:13.966 T:1925512704  NOTICE: unload sections
02:01:13.973 T:1925512704  NOTICE: special://profile/ is mapped to: special://masterprofile/
02:01:13.980 T:1925512704  NOTICE: application stopped...
